Using pre-set license
Built from '2020.3/staging' branch; Version is '2020.3.13f1 (71691879b7f5) revision 7432472'; Using compiler version '192528614'; Build Type 'Release'
OS: 'Windows 10 Home; OS build 19043.1237; Version 2009; 64bit' Language: 'es' Physical Memory: 16321 MB
BatchMode: 1, IsHumanControllingUs: 0, StartBugReporterOnCrash: 0, Is64bit: 1, IsPro: 0

 COMMAND LINE ARGUMENTS:
D:\unity\2020.3.13f1\Editor\Unity.exe
-adb2
-batchMode
-noUpm
-name
AssetImportWorker0
-projectPath
D:/Proyecto-Videojuego/New Unity Project 8
-logFile
Logs/AssetImportWorker0.log
-srvPort
60587
Successfully changed project path to: D:/Proyecto-Videojuego/New Unity Project 8
D:/Proyecto-Videojuego/New Unity Project 8
Using Asset Import Pipeline V2.
Refreshing native plugins compatible for Editor in 80.69 ms, found 2 plugins.
Preloading 0 native plugins for Editor in 0.00 ms.
Initialize engine version: 2020.3.13f1 (71691879b7f5)
[Subsystems] Discovering subsystems at path D:/unity/2020.3.13f1/Editor/Data/Resources/UnitySubsystems
[Subsystems] Discovering subsystems at path D:/Proyecto-Videojuego/New Unity Project 8/Assets
GfxDevice: creating device client; threaded=0
Direct3D:
    Version:  Direct3D 11.0 [level 11.1]
    Renderer: NVIDIA GeForce GTX 1660 (ID=0x2184)
    Vendor:   
    VRAM:     5991 MB
    Driver:   30.0.14.7111
Shader 'Universal Render Pipeline/Particles/Lit': fallback shader 'Universal Render Pipeline/Particles/SimpleLit' not found
Initialize mono
Mono path[0] = 'D:/unity/2020.3.13f1/Editor/Data/Managed'
Mono path[1] = 'D:/unity/2020.3.13f1/Editor/Data/MonoBleedingEdge/lib/mono/unityjit'
Mono config path = 'D:/unity/2020.3.13f1/Editor/Data/MonoBleedingEdge/etc'
Using monoOptions --debugger-agent=transport=dt_socket,embedding=1,server=y,suspend=n,address=127.0.0.1:56460
Begin MonoManager ReloadAssembly
Registering precompiled unity dll's ...
Register platform support module: D:/unity/2020.3.13f1/Editor/Data/PlaybackEngines/WindowsStandaloneSupport/UnityEditor.WindowsStandalone.Extensions.dll
Registered in 0.001383 seconds.
Native extension for WindowsStandalone target not found
Refreshing native plugins compatible for Editor in 76.76 ms, found 2 plugins.
Preloading 0 native plugins for Editor in 0.00 ms.
Mono: successfully reloaded assembly
- Completed reload, in  1.128 seconds
Platform modules already initialized, skipping
Registering precompiled user dll's ...
Registered in 0.004509 seconds.
Begin MonoManager ReloadAssembly
Native extension for WindowsStandalone target not found
Refreshing native plugins compatible for Editor in 85.33 ms, found 2 plugins.
Preloading 0 native plugins for Editor in 0.00 ms.
Mono: successfully reloaded assembly
- Completed reload, in  1.471 seconds
Platform modules already initialized, skipping
========================================================================
Worker process is ready to serve import requests
Shader 'Universal Render Pipeline/Particles/Lit': fallback shader 'Universal Render Pipeline/Particles/SimpleLit' not found
Launched and connected shader compiler UnityShaderCompiler.exe after 0.40 seconds
Refreshing native plugins compatible for Editor in 0.76 ms, found 2 plugins.
Preloading 0 native plugins for Editor in 0.00 ms.
Unloading 4605 Unused Serialized files (Serialized files now loaded: 0)
System memory in use before: 211.1 MB.
System memory in use after: 211.3 MB.

Unloading 21 unused Assets to reduce memory usage. Loaded Objects now: 5074.
Total: 3.516800 ms (FindLiveObjects: 0.534800 ms CreateObjectMapping: 0.313400 ms MarkObjects: 2.462100 ms  DeleteObjects: 0.204400 ms)

AssetImportParameters requested are different than current active one (requested -> active):
  custom:framework-win-MediaFoundation: 216162199b28c13a410421893ffa2e32 -> 
  custom:video-decoder-ogg-theora: a1e56fd34408186e4bbccfd4996cb3dc -> 
  custom:container-muxer-webm: aa71ff27fc2769a1b78a27578f13a17b -> 
  custom:container-demuxer-webm: 4f35f7cbe854078d1ac9338744f61a02 -> 
  custom:container-demuxer-ogg: 62fdf1f143b41e24485cea50d1cbac27 -> 
  custom:video-encoder-webm-vp8: eb34c28f22e8b96e1ab97ce403110664 -> 
  custom:video-decoder-webm-vp8: 9c59270c3fd7afecdb556c50c9e8de78 -> 
  custom:audio-decoder-ogg-vorbis: bf7c407c2cedff20999df2af8eb42d56 -> 
  custom:audio-encoder-webm-vorbis: bf7c407c2cedff20999df2af8eb42d56 -> 
========================================================================
Received Import Request.
  path: Assets/FungusExamples/MonoBehEvents/Blank.mat
  artifactKey: Guid(44484ce9e8d1f90479abca9c377b9a1c) Importer(815301076,1909f56bfc062723c751e8b465ee728b)
Start importing Assets/FungusExamples/MonoBehEvents/Blank.mat using Guid(44484ce9e8d1f90479abca9c377b9a1c) Importer(815301076,1909f56bfc062723c751e8b465ee728b)  -> (artifact id: '5e211e4b2202ac939ffcb363a479867d') in 0.362694 seconds 
  Import took 0.370810 seconds .

========================================================================
Received Import Request.
  Time since last request: 0.000316 seconds.
  path: Assets/FungusExamples/MonoBehEvents/Bouncy.physicsMaterial2D
  artifactKey: Guid(ee8f7489dfdc8f04ab459adf2cdf2051) Importer(815301076,1909f56bfc062723c751e8b465ee728b)
Start importing Assets/FungusExamples/MonoBehEvents/Bouncy.physicsMaterial2D using Guid(ee8f7489dfdc8f04ab459adf2cdf2051) Importer(815301076,1909f56bfc062723c751e8b465ee728b)  -> (artifact id: 'd8ebda36b3a0eea180a5b015958bbc8b') in 0.007223 seconds 
  Import took 0.016082 seconds .

========================================================================
Received Import Request.
  Time since last request: 0.000184 seconds.
  path: Assets/FungusExamples/MonoBehEvents/Hit_Hurt10.wav
  artifactKey: Guid(c05250d33e43ca04788384771b988143) Importer(815301076,1909f56bfc062723c751e8b465ee728b)
Start importing Assets/FungusExamples/MonoBehEvents/Hit_Hurt10.wav using Guid(c05250d33e43ca04788384771b988143) Importer(815301076,1909f56bfc062723c751e8b465ee728b)  -> (artifact id: '8fb9c4d077391c7ec56deb245d979aae') in 1.066185 seconds 
  Import took 1.074070 seconds .

========================================================================
Received Import Request.
  Time since last request: 0.000253 seconds.
  path: Assets/FungusExamples/MonoBehEvents/Bouncy.physicMaterial
  artifactKey: Guid(2150f8a2365e2df43be3dbad67a48487) Importer(815301076,1909f56bfc062723c751e8b465ee728b)
Start importing Assets/FungusExamples/MonoBehEvents/Bouncy.physicMaterial using Guid(2150f8a2365e2df43be3dbad67a48487) Importer(815301076,1909f56bfc062723c751e8b465ee728b)  -> (artifact id: 'e6f5ed2c9b98583025481cafb826a79c') in 0.004766 seconds 
  Import took 0.011790 seconds .

========================================================================
Received Prepare
Registering precompiled user dll's ...
Registered in 0.004843 seconds.
Begin MonoManager ReloadAssembly
Native extension for WindowsStandalone target not found
Refreshing native plugins compatible for Editor in 0.79 ms, found 2 plugins.
Preloading 0 native plugins for Editor in 0.00 ms.
Mono: successfully reloaded assembly
- Completed reload, in  1.324 seconds
Platform modules already initialized, skipping
Shader 'Universal Render Pipeline/Particles/Lit': fallback shader 'Universal Render Pipeline/Particles/SimpleLit' not found
Refreshing native plugins compatible for Editor in 0.85 ms, found 2 plugins.
Preloading 0 native plugins for Editor in 0.00 ms.
Unloading 4446 Unused Serialized files (Serialized files now loaded: 0)
System memory in use before: 205.0 MB.
System memory in use after: 205.2 MB.

Unloading 17 unused Assets to reduce memory usage. Loaded Objects now: 5157.
Total: 3.743500 ms (FindLiveObjects: 0.486000 ms CreateObjectMapping: 0.293700 ms MarkObjects: 2.816300 ms  DeleteObjects: 0.146300 ms)

AssetImportParameters requested are different than current active one (requested -> active):
  custom:framework-win-MediaFoundation: 216162199b28c13a410421893ffa2e32 -> 
  custom:video-decoder-ogg-theora: a1e56fd34408186e4bbccfd4996cb3dc -> 
  custom:container-muxer-webm: aa71ff27fc2769a1b78a27578f13a17b -> 
  custom:container-demuxer-webm: 4f35f7cbe854078d1ac9338744f61a02 -> 
  custom:container-demuxer-ogg: 62fdf1f143b41e24485cea50d1cbac27 -> 
  custom:video-encoder-webm-vp8: eb34c28f22e8b96e1ab97ce403110664 -> 
  custom:video-decoder-webm-vp8: 9c59270c3fd7afecdb556c50c9e8de78 -> 
  custom:audio-decoder-ogg-vorbis: bf7c407c2cedff20999df2af8eb42d56 -> 
  custom:audio-encoder-webm-vorbis: bf7c407c2cedff20999df2af8eb42d56 -> 
========================================================================
Received Prepare
Registering precompiled user dll's ...
Registered in 0.006394 seconds.
Begin MonoManager ReloadAssembly
Native extension for WindowsStandalone target not found
Refreshing native plugins compatible for Editor in 0.77 ms, found 2 plugins.
Preloading 0 native plugins for Editor in 0.00 ms.
Mono: successfully reloaded assembly
- Completed reload, in  1.170 seconds
Platform modules already initialized, skipping
Shader 'Universal Render Pipeline/Particles/Lit': fallback shader 'Universal Render Pipeline/Particles/SimpleLit' not found
Refreshing native plugins compatible for Editor in 0.74 ms, found 2 plugins.
Preloading 0 native plugins for Editor in 0.00 ms.
Unloading 4446 Unused Serialized files (Serialized files now loaded: 0)
System memory in use before: 205.1 MB.
System memory in use after: 205.3 MB.

Unloading 17 unused Assets to reduce memory usage. Loaded Objects now: 5160.
Total: 3.665000 ms (FindLiveObjects: 0.845900 ms CreateObjectMapping: 0.287500 ms MarkObjects: 2.391400 ms  DeleteObjects: 0.139100 ms)

AssetImportParameters requested are different than current active one (requested -> active):
  custom:framework-win-MediaFoundation: 216162199b28c13a410421893ffa2e32 -> 
  custom:video-decoder-ogg-theora: a1e56fd34408186e4bbccfd4996cb3dc -> 
  custom:container-muxer-webm: aa71ff27fc2769a1b78a27578f13a17b -> 
  custom:container-demuxer-webm: 4f35f7cbe854078d1ac9338744f61a02 -> 
  custom:container-demuxer-ogg: 62fdf1f143b41e24485cea50d1cbac27 -> 
  custom:video-encoder-webm-vp8: eb34c28f22e8b96e1ab97ce403110664 -> 
  custom:video-decoder-webm-vp8: 9c59270c3fd7afecdb556c50c9e8de78 -> 
  custom:audio-decoder-ogg-vorbis: bf7c407c2cedff20999df2af8eb42d56 -> 
  custom:audio-encoder-webm-vorbis: bf7c407c2cedff20999df2af8eb42d56 -> 
========================================================================
Received Prepare
Registering precompiled user dll's ...
Registered in 0.005112 seconds.
Begin MonoManager ReloadAssembly
Native extension for WindowsStandalone target not found
Refreshing native plugins compatible for Editor in 1.89 ms, found 2 plugins.
Preloading 0 native plugins for Editor in 0.00 ms.
Mono: successfully reloaded assembly
- Completed reload, in  1.479 seconds
Platform modules already initialized, skipping
Shader 'Universal Render Pipeline/Particles/Lit': fallback shader 'Universal Render Pipeline/Particles/SimpleLit' not found
Refreshing native plugins compatible for Editor in 0.79 ms, found 2 plugins.
Preloading 0 native plugins for Editor in 0.00 ms.
Unloading 4446 Unused Serialized files (Serialized files now loaded: 0)
System memory in use before: 205.1 MB.
System memory in use after: 205.3 MB.

Unloading 17 unused Assets to reduce memory usage. Loaded Objects now: 5163.
Total: 7.879600 ms (FindLiveObjects: 0.964900 ms CreateObjectMapping: 0.719300 ms MarkObjects: 6.005400 ms  DeleteObjects: 0.188400 ms)

AssetImportParameters requested are different than current active one (requested -> active):
  custom:framework-win-MediaFoundation: 216162199b28c13a410421893ffa2e32 -> 
  custom:video-decoder-ogg-theora: a1e56fd34408186e4bbccfd4996cb3dc -> 
  custom:container-muxer-webm: aa71ff27fc2769a1b78a27578f13a17b -> 
  custom:container-demuxer-webm: 4f35f7cbe854078d1ac9338744f61a02 -> 
  custom:container-demuxer-ogg: 62fdf1f143b41e24485cea50d1cbac27 -> 
  custom:video-encoder-webm-vp8: eb34c28f22e8b96e1ab97ce403110664 -> 
  custom:video-decoder-webm-vp8: 9c59270c3fd7afecdb556c50c9e8de78 -> 
  custom:audio-decoder-ogg-vorbis: bf7c407c2cedff20999df2af8eb42d56 -> 
  custom:audio-encoder-webm-vorbis: bf7c407c2cedff20999df2af8eb42d56 -> 
========================================================================
Received Prepare
Registering precompiled user dll's ...
Registered in 0.004645 seconds.
Begin MonoManager ReloadAssembly
Native extension for WindowsStandalone target not found
Refreshing native plugins compatible for Editor in 0.75 ms, found 2 plugins.
Preloading 0 native plugins for Editor in 0.00 ms.
Mono: successfully reloaded assembly
- Completed reload, in  1.177 seconds
Platform modules already initialized, skipping
Shader 'Universal Render Pipeline/Particles/Lit': fallback shader 'Universal Render Pipeline/Particles/SimpleLit' not found
Refreshing native plugins compatible for Editor in 0.73 ms, found 2 plugins.
Preloading 0 native plugins for Editor in 0.00 ms.
Unloading 4446 Unused Serialized files (Serialized files now loaded: 0)
System memory in use before: 205.1 MB.
System memory in use after: 205.3 MB.

Unloading 17 unused Assets to reduce memory usage. Loaded Objects now: 5166.
Total: 2.958600 ms (FindLiveObjects: 0.371600 ms CreateObjectMapping: 0.196300 ms MarkObjects: 2.249500 ms  DeleteObjects: 0.140100 ms)

AssetImportParameters requested are different than current active one (requested -> active):
  custom:framework-win-MediaFoundation: 216162199b28c13a410421893ffa2e32 -> 
  custom:video-decoder-ogg-theora: a1e56fd34408186e4bbccfd4996cb3dc -> 
  custom:container-muxer-webm: aa71ff27fc2769a1b78a27578f13a17b -> 
  custom:container-demuxer-webm: 4f35f7cbe854078d1ac9338744f61a02 -> 
  custom:container-demuxer-ogg: 62fdf1f143b41e24485cea50d1cbac27 -> 
  custom:video-encoder-webm-vp8: eb34c28f22e8b96e1ab97ce403110664 -> 
  custom:video-decoder-webm-vp8: 9c59270c3fd7afecdb556c50c9e8de78 -> 
  custom:audio-decoder-ogg-vorbis: bf7c407c2cedff20999df2af8eb42d56 -> 
  custom:audio-encoder-webm-vorbis: bf7c407c2cedff20999df2af8eb42d56 -> 
========================================================================
Received Prepare
Registering precompiled user dll's ...
Registered in 0.004979 seconds.
Begin MonoManager ReloadAssembly
Native extension for WindowsStandalone target not found
Refreshing native plugins compatible for Editor in 0.82 ms, found 2 plugins.
Preloading 0 native plugins for Editor in 0.00 ms.
Mono: successfully reloaded assembly
- Completed reload, in  1.386 seconds
Platform modules already initialized, skipping
Shader 'Universal Render Pipeline/Particles/Lit': fallback shader 'Universal Render Pipeline/Particles/SimpleLit' not found
Refreshing native plugins compatible for Editor in 0.84 ms, found 2 plugins.
Preloading 0 native plugins for Editor in 0.00 ms.
Unloading 4446 Unused Serialized files (Serialized files now loaded: 0)
System memory in use before: 205.0 MB.
System memory in use after: 205.2 MB.

Unloading 17 unused Assets to reduce memory usage. Loaded Objects now: 5169.
Total: 5.539700 ms (FindLiveObjects: 0.542100 ms CreateObjectMapping: 0.782500 ms MarkObjects: 4.056500 ms  DeleteObjects: 0.157400 ms)

AssetImportParameters requested are different than current active one (requested -> active):
  custom:framework-win-MediaFoundation: 216162199b28c13a410421893ffa2e32 -> 
  custom:video-decoder-ogg-theora: a1e56fd34408186e4bbccfd4996cb3dc -> 
  custom:container-muxer-webm: aa71ff27fc2769a1b78a27578f13a17b -> 
  custom:container-demuxer-webm: 4f35f7cbe854078d1ac9338744f61a02 -> 
  custom:container-demuxer-ogg: 62fdf1f143b41e24485cea50d1cbac27 -> 
  custom:video-encoder-webm-vp8: eb34c28f22e8b96e1ab97ce403110664 -> 
  custom:video-decoder-webm-vp8: 9c59270c3fd7afecdb556c50c9e8de78 -> 
  custom:audio-decoder-ogg-vorbis: bf7c407c2cedff20999df2af8eb42d56 -> 
  custom:audio-encoder-webm-vorbis: bf7c407c2cedff20999df2af8eb42d56 -> 
========================================================================
Received Import Request.
  Time since last request: 1283.767585 seconds.
  path: Assets/FungusExamples/MonoBehEvents
  artifactKey: Guid(bb3a484d61ab6254381a068eaf6dddfe) Importer(815301076,1909f56bfc062723c751e8b465ee728b)
Start importing Assets/FungusExamples/MonoBehEvents using Guid(bb3a484d61ab6254381a068eaf6dddfe) Importer(815301076,1909f56bfc062723c751e8b465ee728b)  -> (artifact id: '9bb5335069cb593032eb33760d7d9471') in 0.007910 seconds 
  Import took 0.015648 seconds .

========================================================================
Received Import Request.
  Time since last request: 4.676738 seconds.
  path: Assets/Scripts
  artifactKey: Guid(a5716978dda1c0745bac28608e6fe2ad) Importer(815301076,1909f56bfc062723c751e8b465ee728b)
Start importing Assets/Scripts using Guid(a5716978dda1c0745bac28608e6fe2ad) Importer(815301076,1909f56bfc062723c751e8b465ee728b)  -> (artifact id: 'd6acbe96c3fda15483c76b0d4ec707a6') in 0.001791 seconds 
  Import took 0.008977 seconds .

========================================================================
Received Import Request.
  Time since last request: 6.113310 seconds.
  path: Assets/Scripts/collider.cs
  artifactKey: Guid(344655163559c784d9cf30c5c1edc304) Importer(815301076,1909f56bfc062723c751e8b465ee728b)
Start importing Assets/Scripts/collider.cs using Guid(344655163559c784d9cf30c5c1edc304) Importer(815301076,1909f56bfc062723c751e8b465ee728b)  -> (artifact id: 'ad02b4a2c71ff0afdfa79befe7616282') in 0.011221 seconds 
  Import took 0.019612 seconds .

========================================================================
Received Prepare
Registering precompiled user dll's ...
Registered in 0.004202 seconds.
Begin MonoManager ReloadAssembly
Native extension for WindowsStandalone target not found
Refreshing native plugins compatible for Editor in 1.59 ms, found 2 plugins.
Preloading 0 native plugins for Editor in 0.00 ms.
Mono: successfully reloaded assembly
- Completed reload, in  2.263 seconds
Platform modules already initialized, skipping
Shader 'Universal Render Pipeline/Particles/Lit': fallback shader 'Universal Render Pipeline/Particles/SimpleLit' not found
Refreshing native plugins compatible for Editor in 1.41 ms, found 2 plugins.
Preloading 0 native plugins for Editor in 0.00 ms.
Unloading 4447 Unused Serialized files (Serialized files now loaded: 0)
System memory in use before: 205.2 MB.
System memory in use after: 205.4 MB.

Unloading 17 unused Assets to reduce memory usage. Loaded Objects now: 5173.
Total: 4.637600 ms (FindLiveObjects: 0.413600 ms CreateObjectMapping: 0.278900 ms MarkObjects: 3.774400 ms  DeleteObjects: 0.169200 ms)

AssetImportParameters requested are different than current active one (requested -> active):
  custom:framework-win-MediaFoundation: 216162199b28c13a410421893ffa2e32 -> 
  custom:video-decoder-ogg-theora: a1e56fd34408186e4bbccfd4996cb3dc -> 
  custom:container-muxer-webm: aa71ff27fc2769a1b78a27578f13a17b -> 
  custom:container-demuxer-webm: 4f35f7cbe854078d1ac9338744f61a02 -> 
  custom:container-demuxer-ogg: 62fdf1f143b41e24485cea50d1cbac27 -> 
  custom:video-encoder-webm-vp8: eb34c28f22e8b96e1ab97ce403110664 -> 
  custom:video-decoder-webm-vp8: 9c59270c3fd7afecdb556c50c9e8de78 -> 
  custom:audio-decoder-ogg-vorbis: bf7c407c2cedff20999df2af8eb42d56 -> 
  custom:audio-encoder-webm-vorbis: bf7c407c2cedff20999df2af8eb42d56 -> 
========================================================================
Received Prepare
Registering precompiled user dll's ...
Registered in 0.004868 seconds.
Begin MonoManager ReloadAssembly
Native extension for WindowsStandalone target not found
Refreshing native plugins compatible for Editor in 0.77 ms, found 2 plugins.
Preloading 0 native plugins for Editor in 0.00 ms.
Mono: successfully reloaded assembly
- Completed reload, in  1.181 seconds
Platform modules already initialized, skipping
Shader 'Universal Render Pipeline/Particles/Lit': fallback shader 'Universal Render Pipeline/Particles/SimpleLit' not found
Refreshing native plugins compatible for Editor in 0.87 ms, found 2 plugins.
Preloading 0 native plugins for Editor in 0.00 ms.
Unloading 4447 Unused Serialized files (Serialized files now loaded: 0)
System memory in use before: 205.2 MB.
System memory in use after: 205.4 MB.

Unloading 17 unused Assets to reduce memory usage. Loaded Objects now: 5176.
Total: 4.268100 ms (FindLiveObjects: 0.680800 ms CreateObjectMapping: 0.475300 ms MarkObjects: 2.952700 ms  DeleteObjects: 0.158100 ms)

AssetImportParameters requested are different than current active one (requested -> active):
  custom:framework-win-MediaFoundation: 216162199b28c13a410421893ffa2e32 -> 
  custom:video-decoder-ogg-theora: a1e56fd34408186e4bbccfd4996cb3dc -> 
  custom:container-muxer-webm: aa71ff27fc2769a1b78a27578f13a17b -> 
  custom:container-demuxer-webm: 4f35f7cbe854078d1ac9338744f61a02 -> 
  custom:container-demuxer-ogg: 62fdf1f143b41e24485cea50d1cbac27 -> 
  custom:video-encoder-webm-vp8: eb34c28f22e8b96e1ab97ce403110664 -> 
  custom:video-decoder-webm-vp8: 9c59270c3fd7afecdb556c50c9e8de78 -> 
  custom:audio-decoder-ogg-vorbis: bf7c407c2cedff20999df2af8eb42d56 -> 
  custom:audio-encoder-webm-vorbis: bf7c407c2cedff20999df2af8eb42d56 -> 
========================================================================
Received Prepare
Registering precompiled user dll's ...
Registered in 0.005298 seconds.
Begin MonoManager ReloadAssembly
Native extension for WindowsStandalone target not found
Refreshing native plugins compatible for Editor in 0.72 ms, found 2 plugins.
Preloading 0 native plugins for Editor in 0.00 ms.
Mono: successfully reloaded assembly
- Completed reload, in  1.176 seconds
Platform modules already initialized, skipping
Shader 'Universal Render Pipeline/Particles/Lit': fallback shader 'Universal Render Pipeline/Particles/SimpleLit' not found
Refreshing native plugins compatible for Editor in 1.21 ms, found 2 plugins.
Preloading 0 native plugins for Editor in 0.00 ms.
Unloading 4447 Unused Serialized files (Serialized files now loaded: 0)
System memory in use before: 205.2 MB.
System memory in use after: 205.4 MB.

Unloading 17 unused Assets to reduce memory usage. Loaded Objects now: 5179.
Total: 3.979900 ms (FindLiveObjects: 0.630000 ms CreateObjectMapping: 0.345100 ms MarkObjects: 2.862600 ms  DeleteObjects: 0.140700 ms)

AssetImportParameters requested are different than current active one (requested -> active):
  custom:framework-win-MediaFoundation: 216162199b28c13a410421893ffa2e32 -> 
  custom:video-decoder-ogg-theora: a1e56fd34408186e4bbccfd4996cb3dc -> 
  custom:container-muxer-webm: aa71ff27fc2769a1b78a27578f13a17b -> 
  custom:container-demuxer-webm: 4f35f7cbe854078d1ac9338744f61a02 -> 
  custom:container-demuxer-ogg: 62fdf1f143b41e24485cea50d1cbac27 -> 
  custom:video-encoder-webm-vp8: eb34c28f22e8b96e1ab97ce403110664 -> 
  custom:video-decoder-webm-vp8: 9c59270c3fd7afecdb556c50c9e8de78 -> 
  custom:audio-decoder-ogg-vorbis: bf7c407c2cedff20999df2af8eb42d56 -> 
  custom:audio-encoder-webm-vorbis: bf7c407c2cedff20999df2af8eb42d56 -> 
========================================================================
Received Prepare
Registering precompiled user dll's ...
Registered in 0.004202 seconds.
Begin MonoManager ReloadAssembly
Native extension for WindowsStandalone target not found
Refreshing native plugins compatible for Editor in 0.77 ms, found 2 plugins.
Preloading 0 native plugins for Editor in 0.00 ms.
Mono: successfully reloaded assembly
- Completed reload, in  1.228 seconds
Platform modules already initialized, skipping
Shader 'Universal Render Pipeline/Particles/Lit': fallback shader 'Universal Render Pipeline/Particles/SimpleLit' not found
Refreshing native plugins compatible for Editor in 0.72 ms, found 2 plugins.
Preloading 0 native plugins for Editor in 0.00 ms.
Unloading 4447 Unused Serialized files (Serialized files now loaded: 0)
System memory in use before: 205.2 MB.
System memory in use after: 205.4 MB.

Unloading 17 unused Assets to reduce memory usage. Loaded Objects now: 5182.
Total: 2.752900 ms (FindLiveObjects: 0.387000 ms CreateObjectMapping: 0.219300 ms MarkObjects: 2.004500 ms  DeleteObjects: 0.141200 ms)

AssetImportParameters requested are different than current active one (requested -> active):
  custom:framework-win-MediaFoundation: 216162199b28c13a410421893ffa2e32 -> 
  custom:video-decoder-ogg-theora: a1e56fd34408186e4bbccfd4996cb3dc -> 
  custom:container-muxer-webm: aa71ff27fc2769a1b78a27578f13a17b -> 
  custom:container-demuxer-webm: 4f35f7cbe854078d1ac9338744f61a02 -> 
  custom:container-demuxer-ogg: 62fdf1f143b41e24485cea50d1cbac27 -> 
  custom:video-encoder-webm-vp8: eb34c28f22e8b96e1ab97ce403110664 -> 
  custom:video-decoder-webm-vp8: 9c59270c3fd7afecdb556c50c9e8de78 -> 
  custom:audio-decoder-ogg-vorbis: bf7c407c2cedff20999df2af8eb42d56 -> 
  custom:audio-encoder-webm-vorbis: bf7c407c2cedff20999df2af8eb42d56 -> 
========================================================================
Received Import Request.
  Time since last request: 1332.640982 seconds.
  path: Assets/Fungus/Scripts/Commands
  artifactKey: Guid(d957a50af081d49998801a81811881fe) Importer(815301076,1909f56bfc062723c751e8b465ee728b)
Start importing Assets/Fungus/Scripts/Commands using Guid(d957a50af081d49998801a81811881fe) Importer(815301076,1909f56bfc062723c751e8b465ee728b)  -> (artifact id: '0c1f4a75ab5039c583a2bc3f18e15988') in 0.007183 seconds 
  Import took 0.016426 seconds .

========================================================================
Received Import Request.
  Time since last request: 7.329255 seconds.
  path: Assets/Fungus/Scripts/Commands/Property
  artifactKey: Guid(8a1a00144f44775449d32d39b5a7185a) Importer(815301076,1909f56bfc062723c751e8b465ee728b)
Start importing Assets/Fungus/Scripts/Commands/Property using Guid(8a1a00144f44775449d32d39b5a7185a) Importer(815301076,1909f56bfc062723c751e8b465ee728b)  -> (artifact id: '553c2a2a8733ae4b1850a916461304dc') in 0.001835 seconds 
  Import took 0.008895 seconds .

========================================================================
Received Import Request.
  Time since last request: 10.984075 seconds.
  path: Assets/Fungus/Scripts/Commands/Property/Collider2DProperty.cs
  artifactKey: Guid(c5d345b268622414c9bb53e05f4580ed) Importer(815301076,1909f56bfc062723c751e8b465ee728b)
Start importing Assets/Fungus/Scripts/Commands/Property/Collider2DProperty.cs using Guid(c5d345b268622414c9bb53e05f4580ed) Importer(815301076,1909f56bfc062723c751e8b465ee728b)  -> (artifact id: '83a70d07bf41a5fb483dd9683bf4096b') in 0.002547 seconds 
  Import took 0.010242 seconds .

========================================================================
Received Import Request.
  Time since last request: 0.000763 seconds.
  path: Assets/Fungus/Scripts/Commands/Property/Collider2DProperty.cs
  artifactKey: Guid(c5d345b268622414c9bb53e05f4580ed) Importer(815301076,1909f56bfc062723c751e8b465ee728b)
Start importing Assets/Fungus/Scripts/Commands/Property/Collider2DProperty.cs using Guid(c5d345b268622414c9bb53e05f4580ed) Importer(815301076,1909f56bfc062723c751e8b465ee728b)  -> (artifact id: '83a70d07bf41a5fb483dd9683bf4096b') in 0.001345 seconds 
  Import took 0.008389 seconds .

========================================================================
Received Import Request.
  Time since last request: 2.484337 seconds.
  path: Assets/Fungus/Scripts/Commands/Property/ColliderProperty.cs
  artifactKey: Guid(ca6e05b34c44a734988887ef775a1a1b) Importer(815301076,1909f56bfc062723c751e8b465ee728b)
Start importing Assets/Fungus/Scripts/Commands/Property/ColliderProperty.cs using Guid(ca6e05b34c44a734988887ef775a1a1b) Importer(815301076,1909f56bfc062723c751e8b465ee728b)  -> (artifact id: 'f59ab99457dcd2015f4e32691cd2b75f') in 0.001769 seconds 
  Import took 0.008959 seconds .

========================================================================
Received Import Request.
  Time since last request: 52.763801 seconds.
  path: Assets/Fungus/Fungus.asmdef
  artifactKey: Guid(007db7f7a4c8f944990d71603a110f82) Importer(815301076,1909f56bfc062723c751e8b465ee728b)
Start importing Assets/Fungus/Fungus.asmdef using Guid(007db7f7a4c8f944990d71603a110f82) Importer(815301076,1909f56bfc062723c751e8b465ee728b)  -> (artifact id: '2f474419ce3a051a765d0d0e280481c5') in 0.003544 seconds 
  Import took 0.011529 seconds .

========================================================================
Received Import Request.
  Time since last request: 2.648896 seconds.
  path: Assets/Fungus/Scripts
  artifactKey: Guid(fa184a0dd8f1c46cbb12b7fcf9b1b06a) Importer(815301076,1909f56bfc062723c751e8b465ee728b)
Start importing Assets/Fungus/Scripts using Guid(fa184a0dd8f1c46cbb12b7fcf9b1b06a) Importer(815301076,1909f56bfc062723c751e8b465ee728b)  -> (artifact id: '835afe4d35f3e0bf57ea9737ed1c655b') in 0.001903 seconds 
  Import took 0.008771 seconds .

========================================================================
Received Import Request.
  Time since last request: 2.298682 seconds.
  path: Assets/Fungus/Scripts/VariableTypes
  artifactKey: Guid(cfe3f48ef180d4baa9d1095720810b9d) Importer(815301076,1909f56bfc062723c751e8b465ee728b)
Start importing Assets/Fungus/Scripts/VariableTypes using Guid(cfe3f48ef180d4baa9d1095720810b9d) Importer(815301076,1909f56bfc062723c751e8b465ee728b)  -> (artifact id: '4e18d41fcc27e9a8b952d6f8896b936b') in 0.002871 seconds 
  Import took 0.009856 seconds .

========================================================================
Received Import Request.
  Time since last request: 7.210808 seconds.
  path: Assets/Fungus/Scripts/VariableTypes/Collection
  artifactKey: Guid(9efe8d23cd8ac9046a6e2b9f63ce780b) Importer(815301076,1909f56bfc062723c751e8b465ee728b)
Start importing Assets/Fungus/Scripts/VariableTypes/Collection using Guid(9efe8d23cd8ac9046a6e2b9f63ce780b) Importer(815301076,1909f56bfc062723c751e8b465ee728b)  -> (artifact id: '9995df3742ee045744fc8f777064692f') in 0.001774 seconds 
  Import took 0.009122 seconds .

========================================================================
Received Import Request.
  Time since last request: 3.825036 seconds.
  path: Assets/Fungus/Scripts/Components
  artifactKey: Guid(cd598e3b678e74763876d546c8b0fd9f) Importer(815301076,1909f56bfc062723c751e8b465ee728b)
Start importing Assets/Fungus/Scripts/Components using Guid(cd598e3b678e74763876d546c8b0fd9f) Importer(815301076,1909f56bfc062723c751e8b465ee728b)  -> (artifact id: '27ed81e494eb6c80ec5c54416ddbaf51') in 0.001550 seconds 
  Import took 0.009332 seconds .

========================================================================
Received Import Request.
  Time since last request: 6.694245 seconds.
  path: Assets/Fungus/Scripts/Editor
  artifactKey: Guid(6d1425e0149d44734bf9c05ee7b9465f) Importer(815301076,1909f56bfc062723c751e8b465ee728b)
Start importing Assets/Fungus/Scripts/Editor using Guid(6d1425e0149d44734bf9c05ee7b9465f) Importer(815301076,1909f56bfc062723c751e8b465ee728b)  -> (artifact id: '5f1d476a8da8a1e8473effb5bd9b5390') in 0.001698 seconds 
  Import took 0.009113 seconds .

========================================================================
Received Import Request.
  Time since last request: 0.066398 seconds.
  path: Assets/Fungus/Scripts/Editor/FungusEditor.asmdef
  artifactKey: Guid(34cf00d3f10a8f34783a2f8b914a0219) Importer(815301076,1909f56bfc062723c751e8b465ee728b)
Start importing Assets/Fungus/Scripts/Editor/FungusEditor.asmdef using Guid(34cf00d3f10a8f34783a2f8b914a0219) Importer(815301076,1909f56bfc062723c751e8b465ee728b)  -> (artifact id: '122e520cc402f086a9b09ce3effdab6e') in 0.001818 seconds 
  Import took 0.008223 seconds .

========================================================================
Received Import Request.
  Time since last request: 3.300400 seconds.
  path: Assets/Fungus/Scripts/EventHandlers
  artifactKey: Guid(93d4250218aa04c9d957714d9d724771) Importer(815301076,1909f56bfc062723c751e8b465ee728b)
Start importing Assets/Fungus/Scripts/EventHandlers using Guid(93d4250218aa04c9d957714d9d724771) Importer(815301076,1909f56bfc062723c751e8b465ee728b)  -> (artifact id: '6162b3daa6b7e528858011d2cf9eb588') in 0.001584 seconds 
  Import took 0.008526 seconds .

========================================================================
Received Import Request.
  Time since last request: 7.691725 seconds.
  path: Assets/Fungus/Scripts/Interfaces
  artifactKey: Guid(8d3bdad29f4e0468c823545b6658a25f) Importer(815301076,1909f56bfc062723c751e8b465ee728b)
Start importing Assets/Fungus/Scripts/Interfaces using Guid(8d3bdad29f4e0468c823545b6658a25f) Importer(815301076,1909f56bfc062723c751e8b465ee728b)  -> (artifact id: '615b08ce9b0ebc6b05f152dbb4d18c6b') in 0.001768 seconds 
  Import took 0.008845 seconds .

========================================================================
Received Import Request.
  Time since last request: 2.310392 seconds.
  path: Assets/Fungus/Scripts/Signals
  artifactKey: Guid(c5af9b1dcfc3a4963add98929d9386c0) Importer(815301076,1909f56bfc062723c751e8b465ee728b)
Start importing Assets/Fungus/Scripts/Signals using Guid(c5af9b1dcfc3a4963add98929d9386c0) Importer(815301076,1909f56bfc062723c751e8b465ee728b)  -> (artifact id: '6ef8131374a119d17cf35637e47e48c1') in 0.001817 seconds 
  Import took 0.009582 seconds .

========================================================================
Received Import Request.
  Time since last request: 3.389778 seconds.
  path: Assets/Fungus/Scripts/Utils
  artifactKey: Guid(adc84c6e3fc0f4edb8b7a0caed2dc8bb) Importer(815301076,1909f56bfc062723c751e8b465ee728b)
Start importing Assets/Fungus/Scripts/Utils using Guid(adc84c6e3fc0f4edb8b7a0caed2dc8bb) Importer(815301076,1909f56bfc062723c751e8b465ee728b)  -> (artifact id: '4663e6d9d6e6ba7b7800cde2aa63d67f') in 0.001599 seconds 
  Import took 0.008658 seconds .

========================================================================
Received Prepare
Registering precompiled user dll's ...
Registered in 0.004526 seconds.
Begin MonoManager ReloadAssembly
Native extension for WindowsStandalone target not found
Refreshing native plugins compatible for Editor in 0.73 ms, found 2 plugins.
Preloading 0 native plugins for Editor in 0.00 ms.
Mono: successfully reloaded assembly
- Completed reload, in  1.171 seconds
Platform modules already initialized, skipping
Shader 'Universal Render Pipeline/Particles/Lit': fallback shader 'Universal Render Pipeline/Particles/SimpleLit' not found
Refreshing native plugins compatible for Editor in 0.73 ms, found 2 plugins.
Preloading 0 native plugins for Editor in 0.00 ms.
Unloading 4447 Unused Serialized files (Serialized files now loaded: 0)
System memory in use before: 205.1 MB.
System memory in use after: 205.3 MB.

Unloading 17 unused Assets to reduce memory usage. Loaded Objects now: 5185.
Total: 3.829500 ms (FindLiveObjects: 0.488800 ms CreateObjectMapping: 0.315700 ms MarkObjects: 2.867000 ms  DeleteObjects: 0.156600 ms)

AssetImportParameters requested are different than current active one (requested -> active):
  custom:framework-win-MediaFoundation: 216162199b28c13a410421893ffa2e32 -> 
  custom:video-decoder-ogg-theora: a1e56fd34408186e4bbccfd4996cb3dc -> 
  custom:container-muxer-webm: aa71ff27fc2769a1b78a27578f13a17b -> 
  custom:container-demuxer-webm: 4f35f7cbe854078d1ac9338744f61a02 -> 
  custom:container-demuxer-ogg: 62fdf1f143b41e24485cea50d1cbac27 -> 
  custom:video-encoder-webm-vp8: eb34c28f22e8b96e1ab97ce403110664 -> 
  custom:video-decoder-webm-vp8: 9c59270c3fd7afecdb556c50c9e8de78 -> 
  custom:audio-decoder-ogg-vorbis: bf7c407c2cedff20999df2af8eb42d56 -> 
  custom:audio-encoder-webm-vorbis: bf7c407c2cedff20999df2af8eb42d56 -> 
========================================================================
Received Import Request.
  Time since last request: 47.293526 seconds.
  path: Assets/Fungus/Scripts/Commands/Conversation.cs
  artifactKey: Guid(f608b8c9fb3044200aac956492d8d586) Importer(815301076,1909f56bfc062723c751e8b465ee728b)
Start importing Assets/Fungus/Scripts/Commands/Conversation.cs using Guid(f608b8c9fb3044200aac956492d8d586) Importer(815301076,1909f56bfc062723c751e8b465ee728b)  -> (artifact id: 'c17a6f5bb9a091e9beb5d813127bad9c') in 0.006657 seconds 
  Import took 0.016350 seconds .

========================================================================
Received Import Request.
  Time since last request: 0.020938 seconds.
  path: Assets/Fungus/Scripts/Commands/Conversation.cs
  artifactKey: Guid(f608b8c9fb3044200aac956492d8d586) Importer(815301076,1909f56bfc062723c751e8b465ee728b)
Start importing Assets/Fungus/Scripts/Commands/Conversation.cs using Guid(f608b8c9fb3044200aac956492d8d586) Importer(815301076,1909f56bfc062723c751e8b465ee728b)  -> (artifact id: 'c17a6f5bb9a091e9beb5d813127bad9c') in 0.001675 seconds 
  Import took 0.008867 seconds .

========================================================================
Received Import Request.
  Time since last request: 3.021139 seconds.
  path: Assets/Fungus/Scripts/Utils/ConversationManager.cs
  artifactKey: Guid(6ee240b2e8b559946a44b33a90cca00f) Importer(815301076,1909f56bfc062723c751e8b465ee728b)
Start importing Assets/Fungus/Scripts/Utils/ConversationManager.cs using Guid(6ee240b2e8b559946a44b33a90cca00f) Importer(815301076,1909f56bfc062723c751e8b465ee728b)  -> (artifact id: '0bb8cdca63260da2866bd40028fa2d0b') in 0.001573 seconds 
  Import took 0.008914 seconds .

========================================================================
Received Import Request.
  Time since last request: 1.195564 seconds.
  path: Assets/Tests/Editor/FungusConversationParseTests.cs
  artifactKey: Guid(12c18ec6bfbb6af4d935d98619790eb7) Importer(815301076,1909f56bfc062723c751e8b465ee728b)
Start importing Assets/Tests/Editor/FungusConversationParseTests.cs using Guid(12c18ec6bfbb6af4d935d98619790eb7) Importer(815301076,1909f56bfc062723c751e8b465ee728b)  -> (artifact id: 'a5022a00701d6dca2043e2590f3090e7') in 0.001479 seconds 
  Import took 0.009954 seconds .

========================================================================
Received Import Request.
  Time since last request: 0.001786 seconds.
  path: Assets/Tests/Editor/FungusConversationParseTests.cs
  artifactKey: Guid(12c18ec6bfbb6af4d935d98619790eb7) Importer(815301076,1909f56bfc062723c751e8b465ee728b)
Start importing Assets/Tests/Editor/FungusConversationParseTests.cs using Guid(12c18ec6bfbb6af4d935d98619790eb7) Importer(815301076,1909f56bfc062723c751e8b465ee728b)  -> (artifact id: 'a5022a00701d6dca2043e2590f3090e7') in 0.001720 seconds 
  Import took 0.009452 seconds .

========================================================================
Received Import Request.
  Time since last request: 5.637548 seconds.
  path: Assets/FungusExamples/Conversation
  artifactKey: Guid(a55fed38b03324b71a6d4e76a3dbb69c) Importer(815301076,1909f56bfc062723c751e8b465ee728b)
Start importing Assets/FungusExamples/Conversation using Guid(a55fed38b03324b71a6d4e76a3dbb69c) Importer(815301076,1909f56bfc062723c751e8b465ee728b)  -> (artifact id: '9c6e34cadbef78fb40403d315351ccd4') in 0.001430 seconds 
  Import took 0.008535 seconds .

========================================================================
Received Import Request.
  Time since last request: 1.729329 seconds.
  path: Assets/FungusExamples/FungusExamples.asmdef
  artifactKey: Guid(d749be870df4c4048a9636146e66f475) Importer(815301076,1909f56bfc062723c751e8b465ee728b)
Start importing Assets/FungusExamples/FungusExamples.asmdef using Guid(d749be870df4c4048a9636146e66f475) Importer(815301076,1909f56bfc062723c751e8b465ee728b)  -> (artifact id: 'ab9c69c12d3256bfb47c266222b1ed81') in 0.001866 seconds 
  Import took 0.008312 seconds .

========================================================================
Received Import Request.
  Time since last request: 32.290785 seconds.
  path: Assets/Fungus/Thirdparty/FungusLua/Thirdparty/MoonSharp/Interpreter/Interop/CustomConvertersCollection.cs
  artifactKey: Guid(5fbaa0e2934334bdaa46819569766141) Importer(815301076,1909f56bfc062723c751e8b465ee728b)
Start importing Assets/Fungus/Thirdparty/FungusLua/Thirdparty/MoonSharp/Interpreter/Interop/CustomConvertersCollection.cs using Guid(5fbaa0e2934334bdaa46819569766141) Importer(815301076,1909f56bfc062723c751e8b465ee728b)  -> (artifact id: 'cae4266674e66a31e26edb46aa2bdb5e') in 0.003076 seconds 
  Import took 0.013501 seconds .

========================================================================
Received Import Request.
  Time since last request: 0.000929 seconds.
  path: Assets/Fungus/Thirdparty/FungusLua/Thirdparty/MoonSharp/Interpreter/Interop/CustomConvertersCollection.cs
  artifactKey: Guid(5fbaa0e2934334bdaa46819569766141) Importer(815301076,1909f56bfc062723c751e8b465ee728b)
Start importing Assets/Fungus/Thirdparty/FungusLua/Thirdparty/MoonSharp/Interpreter/Interop/CustomConvertersCollection.cs using Guid(5fbaa0e2934334bdaa46819569766141) Importer(815301076,1909f56bfc062723c751e8b465ee728b)  -> (artifact id: 'cae4266674e66a31e26edb46aa2bdb5e') in 0.002488 seconds 
  Import took 0.014951 seconds .

========================================================================
Received Import Request.
  Time since last request: 2.147046 seconds.
  path: Assets/Fungus/Thirdparty/FungusLua/Thirdparty/MoonSharp/Interpreter/Serialization/Json/JsonTableConverter.cs
  artifactKey: Guid(e090b4783b83443f7959adaeebbd831c) Importer(815301076,1909f56bfc062723c751e8b465ee728b)
Start importing Assets/Fungus/Thirdparty/FungusLua/Thirdparty/MoonSharp/Interpreter/Serialization/Json/JsonTableConverter.cs using Guid(e090b4783b83443f7959adaeebbd831c) Importer(815301076,1909f56bfc062723c751e8b465ee728b)  -> (artifact id: '1340b75e802b57713446bbdc6911dba4') in 0.001497 seconds 
  Import took 0.009106 seconds .

========================================================================
Received Import Request.
  Time since last request: 0.541524 seconds.
  path: Assets/Fungus/Thirdparty/FungusLua/Thirdparty/MoonSharp/Interpreter/Interop/Converters/NumericConversions.cs
  artifactKey: Guid(2917a412c40884d278878fc20d4489e4) Importer(815301076,1909f56bfc062723c751e8b465ee728b)
Start importing Assets/Fungus/Thirdparty/FungusLua/Thirdparty/MoonSharp/Interpreter/Interop/Converters/NumericConversions.cs using Guid(2917a412c40884d278878fc20d4489e4) Importer(815301076,1909f56bfc062723c751e8b465ee728b)  -> (artifact id: '668994b0c049948b9c6db250c2703531') in 0.001952 seconds 
  Import took 0.008778 seconds .

========================================================================
Received Import Request.
  Time since last request: 0.001258 seconds.
  path: Assets/Fungus/Thirdparty/FungusLua/Thirdparty/MoonSharp/Interpreter/Interop/Converters/NumericConversions.cs
  artifactKey: Guid(2917a412c40884d278878fc20d4489e4) Importer(815301076,1909f56bfc062723c751e8b465ee728b)
Start importing Assets/Fungus/Thirdparty/FungusLua/Thirdparty/MoonSharp/Interpreter/Interop/Converters/NumericConversions.cs using Guid(2917a412c40884d278878fc20d4489e4) Importer(815301076,1909f56bfc062723c751e8b465ee728b)  -> (artifact id: '668994b0c049948b9c6db250c2703531') in 0.001321 seconds 
  Import took 0.010193 seconds .

========================================================================
Received Import Request.
  Time since last request: 0.362859 seconds.
  path: Assets/Fungus/Thirdparty/FungusLua/Thirdparty/MoonSharp/Interpreter/Serialization/ObjectValueConverter.cs
  artifactKey: Guid(99653e9435d7e458aa2f9b83455d0a61) Importer(815301076,1909f56bfc062723c751e8b465ee728b)
Start importing Assets/Fungus/Thirdparty/FungusLua/Thirdparty/MoonSharp/Interpreter/Serialization/ObjectValueConverter.cs using Guid(99653e9435d7e458aa2f9b83455d0a61) Importer(815301076,1909f56bfc062723c751e8b465ee728b)  -> (artifact id: '6810cbdcabdbd577380f24ef22276615') in 0.006292 seconds 
  Import took 0.017008 seconds .

========================================================================
Received Import Request.
  Time since last request: 0.746701 seconds.
  path: Assets/Fungus/Thirdparty/FungusLua/Thirdparty/MoonSharp/Interpreter/Interop/Converters/ScriptToClrConversions.cs
  artifactKey: Guid(1ab7d32bef2374608a4029d5dc7d6d0f) Importer(815301076,1909f56bfc062723c751e8b465ee728b)
Start importing Assets/Fungus/Thirdparty/FungusLua/Thirdparty/MoonSharp/Interpreter/Interop/Converters/ScriptToClrConversions.cs using Guid(1ab7d32bef2374608a4029d5dc7d6d0f) Importer(815301076,1909f56bfc062723c751e8b465ee728b)  -> (artifact id: '066f06a8d7d74faf97223969737c9128') in 0.001487 seconds 
  Import took 0.008544 seconds .

========================================================================
Received Import Request.
  Time since last request: 0.283186 seconds.
  path: Assets/Fungus/Thirdparty/FungusLua/Thirdparty/MoonSharp/Interpreter/Interop/Converters/StringConversions.cs
  artifactKey: Guid(bc8e3e17185184a2dbc2b6f6b4a6ab6b) Importer(815301076,1909f56bfc062723c751e8b465ee728b)
Start importing Assets/Fungus/Thirdparty/FungusLua/Thirdparty/MoonSharp/Interpreter/Interop/Converters/StringConversions.cs using Guid(bc8e3e17185184a2dbc2b6f6b4a6ab6b) Importer(815301076,1909f56bfc062723c751e8b465ee728b)  -> (artifact id: '910a039a5499ba00c1977aadcef14b4a') in 0.001727 seconds 
  Import took 0.008650 seconds .

========================================================================
Received Import Request.
  Time since last request: 0.001298 seconds.
  path: Assets/Fungus/Thirdparty/FungusLua/Thirdparty/MoonSharp/Interpreter/Interop/Converters/StringConversions.cs
  artifactKey: Guid(bc8e3e17185184a2dbc2b6f6b4a6ab6b) Importer(815301076,1909f56bfc062723c751e8b465ee728b)
Start importing Assets/Fungus/Thirdparty/FungusLua/Thirdparty/MoonSharp/Interpreter/Interop/Converters/StringConversions.cs using Guid(bc8e3e17185184a2dbc2b6f6b4a6ab6b) Importer(815301076,1909f56bfc062723c751e8b465ee728b)  -> (artifact id: '910a039a5499ba00c1977aadcef14b4a') in 0.001332 seconds 
  Import took 0.008460 seconds .

========================================================================
Received Import Request.
  Time since last request: 0.263591 seconds.
  path: Assets/Fungus/Thirdparty/FungusLua/Thirdparty/MoonSharp/Interpreter/Interop/Converters/TableConversions.cs
  artifactKey: Guid(c2cc8ba4595c94d9088fb3984297bb61) Importer(815301076,1909f56bfc062723c751e8b465ee728b)
Start importing Assets/Fungus/Thirdparty/FungusLua/Thirdparty/MoonSharp/Interpreter/Interop/Converters/TableConversions.cs using Guid(c2cc8ba4595c94d9088fb3984297bb61) Importer(815301076,1909f56bfc062723c751e8b465ee728b)  -> (artifact id: '25133e1215c46fc8cb5dbd5d3d9f9a78') in 0.001487 seconds 
  Import took 0.008648 seconds .

========================================================================
Received Import Request.
  Time since last request: 1.662384 seconds.
  path: Assets/Fungus/Thirdparty/FungusLua/Thirdparty/MoonSharp/Interpreter/Interop/Converters/ClrToScriptConversions.cs
  artifactKey: Guid(8987bd245f18a47329890d8e91c3201e) Importer(815301076,1909f56bfc062723c751e8b465ee728b)
Start importing Assets/Fungus/Thirdparty/FungusLua/Thirdparty/MoonSharp/Interpreter/Interop/Converters/ClrToScriptConversions.cs using Guid(8987bd245f18a47329890d8e91c3201e) Importer(815301076,1909f56bfc062723c751e8b465ee728b)  -> (artifact id: '18a43012a68c9dbb4cc6362fb13f6b05') in 0.001464 seconds 
  Import took 0.008592 seconds .

========================================================================
Received Import Request.
  Time since last request: 50.737063 seconds.
  path: Packages/com.unity.shadergraph/Editor/Resources/Styles/Controls/EnumConversionControlView.uss
  artifactKey: Guid(96e6e59ca33b02f4e816a4693a642883) Importer(815301076,1909f56bfc062723c751e8b465ee728b)
Start importing Packages/com.unity.shadergraph/Editor/Resources/Styles/Controls/EnumConversionControlView.uss using Guid(96e6e59ca33b02f4e816a4693a642883) Importer(815301076,1909f56bfc062723c751e8b465ee728b)  -> (artifact id: 'c792eb4ae6046e4cabddb4ba39e1d2ac') in 0.015975 seconds 
  Import took 0.022605 seconds .

========================================================================
Received Import Request.
  Time since last request: 4.403225 seconds.
  path: Assets/Scenes/NewBrush.brush
  artifactKey: Guid(dfb7d428eb8c46c45a29e9c00e53b2a0) Importer(815301076,1909f56bfc062723c751e8b465ee728b)
Start importing Assets/Scenes/NewBrush.brush using Guid(dfb7d428eb8c46c45a29e9c00e53b2a0) Importer(815301076,1909f56bfc062723c751e8b465ee728b)  -> (artifact id: '8db29e845314edf141bd70b4a5ff626b') in 0.065901 seconds 
  Import took 0.073292 seconds .

========================================================================
Received Import Request.
  Time since last request: 43.808777 seconds.
  path: Assets/Fungus/Integrations
  artifactKey: Guid(441eed542dc8247b39df32118724f695) Importer(815301076,1909f56bfc062723c751e8b465ee728b)
Start importing Assets/Fungus/Integrations using Guid(441eed542dc8247b39df32118724f695) Importer(815301076,1909f56bfc062723c751e8b465ee728b)  -> (artifact id: '1213cf78f92d495ad628d3ab0ab30f71') in 0.001831 seconds 
  Import took 0.009552 seconds .

========================================================================
Received Import Request.
  Time since last request: 1.365170 seconds.
  path: Assets/Fungus/Integrations/Spine
  artifactKey: Guid(86a1109db01dd4b5e98b187cea887e04) Importer(815301076,1909f56bfc062723c751e8b465ee728b)
Start importing Assets/Fungus/Integrations/Spine using Guid(86a1109db01dd4b5e98b187cea887e04) Importer(815301076,1909f56bfc062723c751e8b465ee728b)  -> (artifact id: 'b583cf045cc3d4e70c4acad2d43d4ac1') in 0.001622 seconds 
  Import took 0.009068 seconds .

========================================================================
Received Import Request.
  Time since last request: 25.250097 seconds.
  path: Assets/Fungus/Scripts/Components/EventHandler.cs
  artifactKey: Guid(33263015c61344280b425bd04afb7ff3) Importer(815301076,1909f56bfc062723c751e8b465ee728b)
Start importing Assets/Fungus/Scripts/Components/EventHandler.cs using Guid(33263015c61344280b425bd04afb7ff3) Importer(815301076,1909f56bfc062723c751e8b465ee728b)  -> (artifact id: '218a2c2c32b44ad5a3e2045f4500e8a0') in 0.001789 seconds 
  Import took 0.008926 seconds .

========================================================================
Received Import Request.
  Time since last request: 6.541045 seconds.
  path: Assets/Fungus/Resources
  artifactKey: Guid(6cc28e50d85784bb3bb7aa82a3091385) Importer(815301076,1909f56bfc062723c751e8b465ee728b)
Start importing Assets/Fungus/Resources using Guid(6cc28e50d85784bb3bb7aa82a3091385) Importer(815301076,1909f56bfc062723c751e8b465ee728b)  -> (artifact id: '30663d5daca2532633250415c3d9b9eb') in 0.001761 seconds 
  Import took 0.010134 seconds .

========================================================================
Received Import Request.
  Time since last request: 53.629521 seconds.
  path: Packages/com.unity.test-framework/UnityEditor.TestRunner/TestLaunchers/PlayerLauncherContextSettings.cs
  artifactKey: Guid(6965880f76f40194593cb53a88f74005) Importer(815301076,1909f56bfc062723c751e8b465ee728b)
Start importing Packages/com.unity.test-framework/UnityEditor.TestRunner/TestLaunchers/PlayerLauncherContextSettings.cs using Guid(6965880f76f40194593cb53a88f74005) Importer(815301076,1909f56bfc062723c751e8b465ee728b)  -> (artifact id: 'becb5be0b610c84bc488d67869291e90') in 0.002026 seconds 
  Import took 0.008776 seconds .

========================================================================
Received Import Request.
  Time since last request: 0.020285 seconds.
  path: Packages/com.unity.test-framework/UnityEditor.TestRunner/TestLaunchers/PlayerLauncherContextSettings.cs
  artifactKey: Guid(6965880f76f40194593cb53a88f74005) Importer(815301076,1909f56bfc062723c751e8b465ee728b)
Start importing Packages/com.unity.test-framework/UnityEditor.TestRunner/TestLaunchers/PlayerLauncherContextSettings.cs using Guid(6965880f76f40194593cb53a88f74005) Importer(815301076,1909f56bfc062723c751e8b465ee728b)  -> (artifact id: 'becb5be0b610c84bc488d67869291e90') in 0.001538 seconds 
  Import took 0.008565 seconds .

========================================================================
Received Import Request.
  Time since last request: 1.659190 seconds.
  path: Packages/com.unity.test-framework/UnityEditor.TestRunner/TestLaunchers/PlayerLauncherBuildOptions.cs
  artifactKey: Guid(2a0bd678385f98e4d8eabdfc07d62b4f) Importer(815301076,1909f56bfc062723c751e8b465ee728b)
Start importing Packages/com.unity.test-framework/UnityEditor.TestRunner/TestLaunchers/PlayerLauncherBuildOptions.cs using Guid(2a0bd678385f98e4d8eabdfc07d62b4f) Importer(815301076,1909f56bfc062723c751e8b465ee728b)  -> (artifact id: 'ded11bdc0bde25a10ea64dd5cab56605') in 0.001532 seconds 
  Import took 0.009328 seconds .

========================================================================
Received Import Request.
  Time since last request: 0.001603 seconds.
  path: Packages/com.unity.test-framework/UnityEditor.TestRunner/TestLaunchers/PlayerLauncherBuildOptions.cs
  artifactKey: Guid(2a0bd678385f98e4d8eabdfc07d62b4f) Importer(815301076,1909f56bfc062723c751e8b465ee728b)
Start importing Packages/com.unity.test-framework/UnityEditor.TestRunner/TestLaunchers/PlayerLauncherBuildOptions.cs using Guid(2a0bd678385f98e4d8eabdfc07d62b4f) Importer(815301076,1909f56bfc062723c751e8b465ee728b)  -> (artifact id: 'ded11bdc0bde25a10ea64dd5cab56605') in 0.001785 seconds 
  Import took 0.008420 seconds .

========================================================================
Received Import Request.
  Time since last request: 0.500475 seconds.
  path: Packages/com.unity.test-framework/UnityEditor.TestRunner/TestLaunchers/PlayerLauncher.cs
  artifactKey: Guid(d973fc1524e4d724081553934c55958c) Importer(815301076,1909f56bfc062723c751e8b465ee728b)
Start importing Packages/com.unity.test-framework/UnityEditor.TestRunner/TestLaunchers/PlayerLauncher.cs using Guid(d973fc1524e4d724081553934c55958c) Importer(815301076,1909f56bfc062723c751e8b465ee728b)  -> (artifact id: 'cb5d5988ae1fd6b0b4ca1259842cf562') in 0.001654 seconds 
  Import took 0.008276 seconds .

========================================================================
Received Import Request.
  Time since last request: 1.542790 seconds.
  path: Packages/com.unity.test-framework/UnityEditor.TestRunner/TestLaunchers/EditModeLauncherContextSettings.cs
  artifactKey: Guid(a582090813554df479fb9ca03e9857d3) Importer(815301076,1909f56bfc062723c751e8b465ee728b)
Start importing Packages/com.unity.test-framework/UnityEditor.TestRunner/TestLaunchers/EditModeLauncherContextSettings.cs using Guid(a582090813554df479fb9ca03e9857d3) Importer(815301076,1909f56bfc062723c751e8b465ee728b)  -> (artifact id: '28d4318ac603887b157e354ee632a290') in 0.118209 seconds 
  Import took 0.125006 seconds .

========================================================================
Received Import Request.
  Time since last request: 1.091390 seconds.
  path: Packages/com.unity.test-framework/UnityEditor.TestRunner/TestLaunchers/EditModeLauncher.cs
  artifactKey: Guid(ac68f5ae37c8957468562b8da42f9984) Importer(815301076,1909f56bfc062723c751e8b465ee728b)
Start importing Packages/com.unity.test-framework/UnityEditor.TestRunner/TestLaunchers/EditModeLauncher.cs using Guid(ac68f5ae37c8957468562b8da42f9984) Importer(815301076,1909f56bfc062723c751e8b465ee728b)  -> (artifact id: '6e413433b6b5a69e53b64dc7358a7899') in 0.001631 seconds 
  Import took 0.008759 seconds .

========================================================================
Received Import Request.
  Time since last request: 1.365628 seconds.
  path: Packages/com.unity.test-framework/UnityEditor.TestRunner/TestLaunchers
  artifactKey: Guid(d64d92e4f04a13e4b99ea8d48e9e8ae9) Importer(815301076,1909f56bfc062723c751e8b465ee728b)
Start importing Packages/com.unity.test-framework/UnityEditor.TestRunner/TestLaunchers using Guid(d64d92e4f04a13e4b99ea8d48e9e8ae9) Importer(815301076,1909f56bfc062723c751e8b465ee728b)  -> (artifact id: '889b3791229fa2c7436df0c338d55669') in 0.002060 seconds 
  Import took 0.009461 seconds .

========================================================================
Received Import Request.
  Time since last request: 4.280133 seconds.
  path: Packages/com.unity.test-framework/UnityEditor.TestRunner/TestLaunchers/PlatformSetup
  artifactKey: Guid(ebc4d20cc106cea49b1df1153f0b3b5e) Importer(815301076,1909f56bfc062723c751e8b465ee728b)
Start importing Packages/com.unity.test-framework/UnityEditor.TestRunner/TestLaunchers/PlatformSetup using Guid(ebc4d20cc106cea49b1df1153f0b3b5e) Importer(815301076,1909f56bfc062723c751e8b465ee728b)  -> (artifact id: 'c22f02e6792774cc0dcd8bbc4a0f8132') in 0.001757 seconds 
  Import took 0.008918 seconds .

========================================================================
Received Import Request.
  Time since last request: 1.956932 seconds.
  path: Packages/com.unity.test-framework/UnityEditor.TestRunner/UnityEditor.TestRunner.asmdef
  artifactKey: Guid(0acc523941302664db1f4e527237feb3) Importer(815301076,1909f56bfc062723c751e8b465ee728b)
Start importing Packages/com.unity.test-framework/UnityEditor.TestRunner/UnityEditor.TestRunner.asmdef using Guid(0acc523941302664db1f4e527237feb3) Importer(815301076,1909f56bfc062723c751e8b465ee728b)  -> (artifact id: '37b436c5b272fbb9cad20717b7382829') in 0.001513 seconds 
  Import took 0.008337 seconds .

========================================================================
Received Import Request.
  Time since last request: 0.392900 seconds.
  path: Packages/com.unity.test-framework/package.json
  artifactKey: Guid(d6a2e6e4803de7b43baacdc355fc144d) Importer(815301076,1909f56bfc062723c751e8b465ee728b)
Start importing Packages/com.unity.test-framework/package.json using Guid(d6a2e6e4803de7b43baacdc355fc144d) Importer(815301076,1909f56bfc062723c751e8b465ee728b)  -> (artifact id: '57ec28229c45d529d571493e40fe82a4') in 0.034390 seconds 
  Import took 0.041070 seconds .

========================================================================
Received Import Request.
  Time since last request: 476.249890 seconds.
  path: Assets/Fungus/Scripts/Commands/Rigidbody2D/AddForce2D.cs
  artifactKey: Guid(59927941e3d79be4dac4408058904465) Importer(815301076,1909f56bfc062723c751e8b465ee728b)
Start importing Assets/Fungus/Scripts/Commands/Rigidbody2D/AddForce2D.cs using Guid(59927941e3d79be4dac4408058904465) Importer(815301076,1909f56bfc062723c751e8b465ee728b)  -> (artifact id: 'f0b382fce76b82021167a1826315a9ea') in 0.001686 seconds 
  Import took 0.010370 seconds .

========================================================================
Received Import Request.
  Time since last request: 1.413079 seconds.
  path: Assets/Fungus/Scripts/Commands/Rigidbody2D/AddTorque2D.cs
  artifactKey: Guid(42fb61d4cee69b244bcf4fcc8e4ae28b) Importer(815301076,1909f56bfc062723c751e8b465ee728b)
Start importing Assets/Fungus/Scripts/Commands/Rigidbody2D/AddTorque2D.cs using Guid(42fb61d4cee69b244bcf4fcc8e4ae28b) Importer(815301076,1909f56bfc062723c751e8b465ee728b)  -> (artifact id: '35853fa11115bf8b2a69114f44cf5ddb') in 0.001617 seconds 
  Import took 0.009116 seconds .

========================================================================
Received Import Request.
  Time since last request: 0.768030 seconds.
  path: Assets/Fungus/Scripts/Commands/Rigidbody2D/StopMotionRigidBody2D.cs
  artifactKey: Guid(bd2e830ee16360d418acee50d83c9c13) Importer(815301076,1909f56bfc062723c751e8b465ee728b)
Start importing Assets/Fungus/Scripts/Commands/Rigidbody2D/StopMotionRigidBody2D.cs using Guid(bd2e830ee16360d418acee50d83c9c13) Importer(815301076,1909f56bfc062723c751e8b465ee728b)  -> (artifact id: '5838920468a9300a5a99904364770c63') in 0.001645 seconds 
  Import took 0.009595 seconds .

========================================================================
Received Import Request.
  Time since last request: 5.588916 seconds.
  path: Assets/Fungus/Scripts/Commands/Priority/FungusPriorityCount.cs
  artifactKey: Guid(a3aeb6a9bd739484080e7965ecaab89e) Importer(815301076,1909f56bfc062723c751e8b465ee728b)
Start importing Assets/Fungus/Scripts/Commands/Priority/FungusPriorityCount.cs using Guid(a3aeb6a9bd739484080e7965ecaab89e) Importer(815301076,1909f56bfc062723c751e8b465ee728b)  -> (artifact id: 'f4dd90ca07c99ec797e3759697a42c2e') in 0.001535 seconds 
  Import took 0.008645 seconds .

========================================================================
Received Import Request.
  Time since last request: 1.071617 seconds.
  path: Assets/Fungus/Scripts/Commands/Priority/FungusPriorityDecrease.cs
  artifactKey: Guid(ebc295ba6aed8944fa3974a64f33cc42) Importer(815301076,1909f56bfc062723c751e8b465ee728b)
Start importing Assets/Fungus/Scripts/Commands/Priority/FungusPriorityDecrease.cs using Guid(ebc295ba6aed8944fa3974a64f33cc42) Importer(815301076,1909f56bfc062723c751e8b465ee728b)  -> (artifact id: 'fbdc204f81b32bee201082d57f266066') in 0.001653 seconds 
  Import took 0.008877 seconds .

========================================================================
Received Import Request.
  Time since last request: 0.390201 seconds.
  path: Assets/Fungus/Scripts/Commands/Priority/FungusPriorityIncrease.cs
  artifactKey: Guid(3d07cf5e706b13a4eb0ae53386c30fbd) Importer(815301076,1909f56bfc062723c751e8b465ee728b)
Start importing Assets/Fungus/Scripts/Commands/Priority/FungusPriorityIncrease.cs using Guid(3d07cf5e706b13a4eb0ae53386c30fbd) Importer(815301076,1909f56bfc062723c751e8b465ee728b)  -> (artifact id: '3d7c6eb908c37f8e5b29632d72ec68e9') in 0.001786 seconds 
  Import took 0.008572 seconds .

========================================================================
Received Import Request.
  Time since last request: 27.263382 seconds.
  path: Assets/Fungus/Scripts/Editor/VariableTypes/Collider2DVariableDrawer.cs
  artifactKey: Guid(1002f1c3b8f44a7478aa6a62584e2130) Importer(815301076,1909f56bfc062723c751e8b465ee728b)
Start importing Assets/Fungus/Scripts/Editor/VariableTypes/Collider2DVariableDrawer.cs using Guid(1002f1c3b8f44a7478aa6a62584e2130) Importer(815301076,1909f56bfc062723c751e8b465ee728b)  -> (artifact id: '19129834cf4fd180a0b6c15676c11f0e') in 0.001819 seconds 
  Import took 0.009535 seconds .

========================================================================
Received Import Request.
  Time since last request: 1.334543 seconds.
  path: Assets/Fungus/Scripts/Editor/VariableTypes/CollectionVariableDrawer.cs
  artifactKey: Guid(0ca2523715ad793419e9bf458e118426) Importer(815301076,1909f56bfc062723c751e8b465ee728b)
Start importing Assets/Fungus/Scripts/Editor/VariableTypes/CollectionVariableDrawer.cs using Guid(0ca2523715ad793419e9bf458e118426) Importer(815301076,1909f56bfc062723c751e8b465ee728b)  -> (artifact id: 'f1cdbf73532c3adabc6745aa78aeef0d') in 0.001688 seconds 
  Import took 0.009860 seconds .

========================================================================
Received Import Request.
  Time since last request: 10.910093 seconds.
  path: Assets/Fungus/Scripts/EventHandlers/MonoBehaviour/Collision.cs
  artifactKey: Guid(d3b4d2ce0fcd12448ab6b4492be6ca77) Importer(815301076,1909f56bfc062723c751e8b465ee728b)
Start importing Assets/Fungus/Scripts/EventHandlers/MonoBehaviour/Collision.cs using Guid(d3b4d2ce0fcd12448ab6b4492be6ca77) Importer(815301076,1909f56bfc062723c751e8b465ee728b)  -> (artifact id: '9a82cbe3e41901550d88a01af833099b') in 0.001484 seconds 
  Import took 0.008512 seconds .

========================================================================
Received Import Request.
  Time since last request: 0.002129 seconds.
  path: Assets/Fungus/Scripts/EventHandlers/MonoBehaviour/Collision.cs
  artifactKey: Guid(d3b4d2ce0fcd12448ab6b4492be6ca77) Importer(815301076,1909f56bfc062723c751e8b465ee728b)
Start importing Assets/Fungus/Scripts/EventHandlers/MonoBehaviour/Collision.cs using Guid(d3b4d2ce0fcd12448ab6b4492be6ca77) Importer(815301076,1909f56bfc062723c751e8b465ee728b)  -> (artifact id: '9a82cbe3e41901550d88a01af833099b') in 0.001470 seconds 
  Import took 0.008650 seconds .

========================================================================
Received Import Request.
  Time since last request: 42.134497 seconds.
  path: Assets/Fungus/Textures/ContinueIcon.png
  artifactKey: Guid(226248ac6f184e448af731df91b91958) Importer(815301076,1909f56bfc062723c751e8b465ee728b)
Start importing Assets/Fungus/Textures/ContinueIcon.png using Guid(226248ac6f184e448af731df91b91958) Importer(815301076,1909f56bfc062723c751e8b465ee728b)  -> (artifact id: 'f0897031827ac6151c167dcbbb6ff90d') in 0.140604 seconds 
  Import took 0.147269 seconds .

========================================================================
Received Import Request.
  Time since last request: 0.000298 seconds.
  path: Assets/Fungus/Textures/ScriptIcon.png
  artifactKey: Guid(c22400d5bd211479099238aaacbd4852) Importer(815301076,1909f56bfc062723c751e8b465ee728b)
Start importing Assets/Fungus/Textures/ScriptIcon.png using Guid(c22400d5bd211479099238aaacbd4852) Importer(815301076,1909f56bfc062723c751e8b465ee728b)  -> (artifact id: '2a3e93b3efbc5850413591ee1ec046b7') in 0.016202 seconds 
  Import took 0.024252 seconds .

========================================================================
Received Import Request.
  Time since last request: 0.000462 seconds.
  path: Assets/Fungus/Textures/OptionButtonDisabled.png
  artifactKey: Guid(49d5ccdda7b99e24787c2abc3891294c) Importer(815301076,1909f56bfc062723c751e8b465ee728b)
Start importing Assets/Fungus/Textures/OptionButtonDisabled.png using Guid(49d5ccdda7b99e24787c2abc3891294c) Importer(815301076,1909f56bfc062723c751e8b465ee728b)  -> (artifact id: 'd0515174a92e8c12ff7d7aeec619eb29') in 0.009250 seconds 
  Import took 0.017355 seconds .

========================================================================
Received Import Request.
  Time since last request: 0.000252 seconds.
  path: Assets/Fungus/Textures/CreatedWith.psd
  artifactKey: Guid(7adcbbe62d6554d81affcab2c56ad5ac) Importer(815301076,1909f56bfc062723c751e8b465ee728b)
Start importing Assets/Fungus/Textures/CreatedWith.psd using Guid(7adcbbe62d6554d81affcab2c56ad5ac) Importer(815301076,1909f56bfc062723c751e8b465ee728b)  -> (artifact id: '79fe63c70139ffb7eefb5afdc2391198') in 0.019180 seconds 
  Import took 0.026463 seconds .

========================================================================
Received Import Request.
  Time since last request: 0.000293 seconds.
  path: Assets/Fungus/Textures/OptionButtonPressed.png
  artifactKey: Guid(2e33a3f531b6adc4f9d8a99c83e2ba2d) Importer(815301076,1909f56bfc062723c751e8b465ee728b)
Start importing Assets/Fungus/Textures/OptionButtonPressed.png using Guid(2e33a3f531b6adc4f9d8a99c83e2ba2d) Importer(815301076,1909f56bfc062723c751e8b465ee728b)  -> (artifact id: 'ff0fe72892b584815b0e66de01ed7db8') in 0.011779 seconds 
  Import took 0.018795 seconds .

========================================================================
Received Import Request.
  Time since last request: 0.000277 seconds.
  path: Assets/Fungus/Textures/OptionButton.png
  artifactKey: Guid(c207de86481ff7d48a2fba2fcc374723) Importer(815301076,1909f56bfc062723c751e8b465ee728b)
Start importing Assets/Fungus/Textures/OptionButton.png using Guid(c207de86481ff7d48a2fba2fcc374723) Importer(815301076,1909f56bfc062723c751e8b465ee728b)  -> (artifact id: '26be0045b3224deba43c6bb2f4bd67d7') in 0.008747 seconds 
  Import took 0.016678 seconds .

========================================================================
Received Import Request.
  Time since last request: 0.000296 seconds.
  path: Assets/Fungus/Textures/DialogBox.png
  artifactKey: Guid(eeb00f6cd27e9ef4d9174551b3342dec) Importer(815301076,1909f56bfc062723c751e8b465ee728b)
Start importing Assets/Fungus/Textures/DialogBox.png using Guid(eeb00f6cd27e9ef4d9174551b3342dec) Importer(815301076,1909f56bfc062723c751e8b465ee728b)  -> (artifact id: '2cea0003703a2c4f97f3ff0bf1554bf9') in 0.013886 seconds 
  Import took 0.021916 seconds .

========================================================================
Received Import Request.
  Time since last request: 0.000656 seconds.
  path: Assets/Fungus/Textures/rewind.png
  artifactKey: Guid(62573ea76cbf34643bf28a259a6c901c) Importer(815301076,1909f56bfc062723c751e8b465ee728b)
Start importing Assets/Fungus/Textures/rewind.png using Guid(62573ea76cbf34643bf28a259a6c901c) Importer(815301076,1909f56bfc062723c751e8b465ee728b)  -> (artifact id: '4585b086f9b15cfce5fe2ebd247da347') in 0.019689 seconds 
  Import took 0.029010 seconds .

========================================================================
Received Import Request.
  Time since last request: 0.000602 seconds.
  path: Assets/Fungus/Textures/settings.png
  artifactKey: Guid(8d3c80dd0c2904cdbb745cf481348a76) Importer(815301076,1909f56bfc062723c751e8b465ee728b)
Start importing Assets/Fungus/Textures/settings.png using Guid(8d3c80dd0c2904cdbb745cf481348a76) Importer(815301076,1909f56bfc062723c751e8b465ee728b)  -> (artifact id: 'e6bce63c4024e980efed0d560261e2bb') in 0.011019 seconds 
  Import took 0.019518 seconds .

========================================================================
Received Import Request.
  Time since last request: 0.000258 seconds.
  path: Assets/Fungus/Textures/Mushroom.png
  artifactKey: Guid(ea8f56c43254d41728f5ac4e8299b6c9) Importer(815301076,1909f56bfc062723c751e8b465ee728b)
Start importing Assets/Fungus/Textures/Mushroom.png using Guid(ea8f56c43254d41728f5ac4e8299b6c9) Importer(815301076,1909f56bfc062723c751e8b465ee728b)  -> (artifact id: '2ef039b0d773681d7a4b9f6396bce9a5') in 0.011033 seconds 
  Import took 0.018546 seconds .

========================================================================
Received Import Request.
  Time since last request: 0.000280 seconds.
  path: Assets/Fungus/Textures/HistoryIcon.png
  artifactKey: Guid(94b4465d12d983b45a5c1af59318e72e) Importer(815301076,1909f56bfc062723c751e8b465ee728b)
Start importing Assets/Fungus/Textures/HistoryIcon.png using Guid(94b4465d12d983b45a5c1af59318e72e) Importer(815301076,1909f56bfc062723c751e8b465ee728b)  -> (artifact id: 'ad09d428e3891f5cbfc2f6010369012d') in 0.008972 seconds 
  Import took 0.016362 seconds .

========================================================================
Received Import Request.
  Time since last request: 0.000281 seconds.
  path: Assets/Fungus/Textures/menu.png
  artifactKey: Guid(240416d45df4c6c4daec987220246861) Importer(815301076,1909f56bfc062723c751e8b465ee728b)
Start importing Assets/Fungus/Textures/menu.png using Guid(240416d45df4c6c4daec987220246861) Importer(815301076,1909f56bfc062723c751e8b465ee728b)  -> (artifact id: '7242fb00702401976108930c3de72f64') in 0.011553 seconds 
  Import took 0.018932 seconds .

========================================================================
Received Import Request.
  Time since last request: 0.000296 seconds.
  path: Assets/Fungus/Textures/FungusLogo.png
  artifactKey: Guid(1b656a189e6154422a74e05a56c3f245) Importer(815301076,1909f56bfc062723c751e8b465ee728b)
Start importing Assets/Fungus/Textures/FungusLogo.png using Guid(1b656a189e6154422a74e05a56c3f245) Importer(815301076,1909f56bfc062723c751e8b465ee728b)  -> (artifact id: '564d5f6ef6f32acb564e55ec20530dc5') in 0.011534 seconds 
  Import took 0.019031 seconds .

========================================================================
Received Import Request.
  Time since last request: 0.000201 seconds.
  path: Assets/Fungus/Textures/DialogBoxSliced.png
  artifactKey: Guid(e8ab00ef0d9684dcb9deb52811d91218) Importer(815301076,1909f56bfc062723c751e8b465ee728b)
Start importing Assets/Fungus/Textures/DialogBoxSliced.png using Guid(e8ab00ef0d9684dcb9deb52811d91218) Importer(815301076,1909f56bfc062723c751e8b465ee728b)  -> (artifact id: 'e9234db1e0d3c06c1bf9bb771fde2f79') in 0.025454 seconds 
  Import took 0.033157 seconds .

========================================================================
Received Import Request.
  Time since last request: 0.000231 seconds.
  path: Assets/Fungus/Textures/OptionButtonHighlighted.png
  artifactKey: Guid(888feb4a32e3b564fb7e6f9b28cc8e10) Importer(815301076,1909f56bfc062723c751e8b465ee728b)
Start importing Assets/Fungus/Textures/OptionButtonHighlighted.png using Guid(888feb4a32e3b564fb7e6f9b28cc8e10) Importer(815301076,1909f56bfc062723c751e8b465ee728b)  -> (artifact id: '11babe5c613a97bad62cc4859e0145b6') in 0.008340 seconds 
  Import took 0.017246 seconds .

========================================================================
Received Import Request.
  Time since last request: 0.000244 seconds.
  path: Assets/Fungus/Textures/GreyButton.png
  artifactKey: Guid(9bdedfa4650174106a3115624f193b99) Importer(815301076,1909f56bfc062723c751e8b465ee728b)
Start importing Assets/Fungus/Textures/GreyButton.png using Guid(9bdedfa4650174106a3115624f193b99) Importer(815301076,1909f56bfc062723c751e8b465ee728b)  -> (artifact id: '3e30dc8fb2889133838909cfc3e48aff') in 0.009671 seconds 
  Import took 0.017703 seconds .

========================================================================
Received Import Request.
  Time since last request: 0.000250 seconds.
  path: Assets/Fungus/Textures/ScreenFade.png
  artifactKey: Guid(f6c7b1f3a78a24703b70c746d8b9c768) Importer(815301076,1909f56bfc062723c751e8b465ee728b)
Start importing Assets/Fungus/Textures/ScreenFade.png using Guid(f6c7b1f3a78a24703b70c746d8b9c768) Importer(815301076,1909f56bfc062723c751e8b465ee728b)  -> (artifact id: '7c5b48ea9e24a2049117bbd3d6fecda6') in 0.007923 seconds 
  Import took 0.015582 seconds .

========================================================================
Received Import Request.
  Time since last request: 0.000276 seconds.
  path: Assets/Fungus/Textures/SwipePanIcon.png
  artifactKey: Guid(41bc737f4dc1b40db872aca00bcd7d4b) Importer(815301076,1909f56bfc062723c751e8b465ee728b)
Start importing Assets/Fungus/Textures/SwipePanIcon.png using Guid(41bc737f4dc1b40db872aca00bcd7d4b) Importer(815301076,1909f56bfc062723c751e8b465ee728b)  -> (artifact id: 'e9c343166796fc763f8196fbad8313b9') in 0.006125 seconds 
  Import took 0.014681 seconds .

========================================================================
Received Import Request.
  Time since last request: 22.111828 seconds.
  path: Assets/FungusExamples/Conversation/Conversation.unity
  artifactKey: Guid(f9de98f03841042f6a139eccdfbfcadc) Importer(815301076,1909f56bfc062723c751e8b465ee728b)
Start importing Assets/FungusExamples/Conversation/Conversation.unity using Guid(f9de98f03841042f6a139eccdfbfcadc) Importer(815301076,1909f56bfc062723c751e8b465ee728b)  -> (artifact id: '2694696ca7898e06cb678ea006099b42') in 0.002192 seconds 
  Import took 0.009640 seconds .

========================================================================
Received Prepare
Registering precompiled user dll's ...
Registered in 0.004244 seconds.
Begin MonoManager ReloadAssembly
Native extension for WindowsStandalone target not found
Refreshing native plugins compatible for Editor in 1.01 ms, found 2 plugins.
Preloading 0 native plugins for Editor in 0.00 ms.
Mono: successfully reloaded assembly
- Completed reload, in  1.315 seconds
Platform modules already initialized, skipping
Shader 'Universal Render Pipeline/Particles/Lit': fallback shader 'Universal Render Pipeline/Particles/SimpleLit' not found
Refreshing native plugins compatible for Editor in 0.97 ms, found 2 plugins.
Preloading 0 native plugins for Editor in 0.00 ms.
Unloading 4447 Unused Serialized files (Serialized files now loaded: 0)
System memory in use before: 205.9 MB.
System memory in use after: 206.1 MB.

Unloading 18 unused Assets to reduce memory usage. Loaded Objects now: 5213.
Total: 3.590000 ms (FindLiveObjects: 0.449900 ms CreateObjectMapping: 0.339900 ms MarkObjects: 2.634100 ms  DeleteObjects: 0.165100 ms)

AssetImportParameters requested are different than current active one (requested -> active):
  custom:framework-win-MediaFoundation: 216162199b28c13a410421893ffa2e32 -> 
  custom:video-decoder-ogg-theora: a1e56fd34408186e4bbccfd4996cb3dc -> 
  custom:container-muxer-webm: aa71ff27fc2769a1b78a27578f13a17b -> 
  custom:container-demuxer-webm: 4f35f7cbe854078d1ac9338744f61a02 -> 
  custom:container-demuxer-ogg: 62fdf1f143b41e24485cea50d1cbac27 -> 
  custom:video-encoder-webm-vp8: eb34c28f22e8b96e1ab97ce403110664 -> 
  custom:video-decoder-webm-vp8: 9c59270c3fd7afecdb556c50c9e8de78 -> 
  custom:audio-decoder-ogg-vorbis: bf7c407c2cedff20999df2af8eb42d56 -> 
  custom:audio-encoder-webm-vorbis: bf7c407c2cedff20999df2af8eb42d56 -> 
========================================================================
Received Prepare
Registering precompiled user dll's ...
Registered in 0.004438 seconds.
Begin MonoManager ReloadAssembly
Native extension for WindowsStandalone target not found
Refreshing native plugins compatible for Editor in 0.72 ms, found 2 plugins.
Preloading 0 native plugins for Editor in 0.00 ms.
Mono: successfully reloaded assembly
- Completed reload, in  1.233 seconds
Platform modules already initialized, skipping
Shader 'Universal Render Pipeline/Particles/Lit': fallback shader 'Universal Render Pipeline/Particles/SimpleLit' not found
Refreshing native plugins compatible for Editor in 0.83 ms, found 2 plugins.
Preloading 0 native plugins for Editor in 0.00 ms.
Unloading 4447 Unused Serialized files (Serialized files now loaded: 0)
System memory in use before: 205.9 MB.
System memory in use after: 206.1 MB.

Unloading 17 unused Assets to reduce memory usage. Loaded Objects now: 5216.
Total: 4.802800 ms (FindLiveObjects: 0.637200 ms CreateObjectMapping: 0.395300 ms MarkObjects: 3.617100 ms  DeleteObjects: 0.151500 ms)

AssetImportParameters requested are different than current active one (requested -> active):
  custom:framework-win-MediaFoundation: 216162199b28c13a410421893ffa2e32 -> 
  custom:video-decoder-ogg-theora: a1e56fd34408186e4bbccfd4996cb3dc -> 
  custom:container-muxer-webm: aa71ff27fc2769a1b78a27578f13a17b -> 
  custom:container-demuxer-webm: 4f35f7cbe854078d1ac9338744f61a02 -> 
  custom:container-demuxer-ogg: 62fdf1f143b41e24485cea50d1cbac27 -> 
  custom:video-encoder-webm-vp8: eb34c28f22e8b96e1ab97ce403110664 -> 
  custom:video-decoder-webm-vp8: 9c59270c3fd7afecdb556c50c9e8de78 -> 
  custom:audio-decoder-ogg-vorbis: bf7c407c2cedff20999df2af8eb42d56 -> 
  custom:audio-encoder-webm-vorbis: bf7c407c2cedff20999df2af8eb42d56 -> 
========================================================================
Received Prepare
Registering precompiled user dll's ...
Registered in 0.007758 seconds.
Begin MonoManager ReloadAssembly
Native extension for WindowsStandalone target not found
Refreshing native plugins compatible for Editor in 0.74 ms, found 2 plugins.
Preloading 0 native plugins for Editor in 0.00 ms.
Mono: successfully reloaded assembly
- Completed reload, in  1.182 seconds
Platform modules already initialized, skipping
Shader 'Universal Render Pipeline/Particles/Lit': fallback shader 'Universal Render Pipeline/Particles/SimpleLit' not found
Refreshing native plugins compatible for Editor in 0.79 ms, found 2 plugins.
Preloading 0 native plugins for Editor in 0.00 ms.
Unloading 4447 Unused Serialized files (Serialized files now loaded: 0)
System memory in use before: 205.9 MB.
System memory in use after: 206.1 MB.

Unloading 17 unused Assets to reduce memory usage. Loaded Objects now: 5219.
Total: 4.451900 ms (FindLiveObjects: 0.594500 ms CreateObjectMapping: 0.463000 ms MarkObjects: 3.223100 ms  DeleteObjects: 0.170100 ms)

AssetImportParameters requested are different than current active one (requested -> active):
  custom:framework-win-MediaFoundation: 216162199b28c13a410421893ffa2e32 -> 
  custom:video-decoder-ogg-theora: a1e56fd34408186e4bbccfd4996cb3dc -> 
  custom:container-muxer-webm: aa71ff27fc2769a1b78a27578f13a17b -> 
  custom:container-demuxer-webm: 4f35f7cbe854078d1ac9338744f61a02 -> 
  custom:container-demuxer-ogg: 62fdf1f143b41e24485cea50d1cbac27 -> 
  custom:video-encoder-webm-vp8: eb34c28f22e8b96e1ab97ce403110664 -> 
  custom:video-decoder-webm-vp8: 9c59270c3fd7afecdb556c50c9e8de78 -> 
  custom:audio-decoder-ogg-vorbis: bf7c407c2cedff20999df2af8eb42d56 -> 
  custom:audio-encoder-webm-vorbis: bf7c407c2cedff20999df2af8eb42d56 -> 
========================================================================
Received Prepare
Registering precompiled user dll's ...
Registered in 0.004789 seconds.
Begin MonoManager ReloadAssembly
Native extension for WindowsStandalone target not found
Refreshing native plugins compatible for Editor in 0.86 ms, found 2 plugins.
Preloading 0 native plugins for Editor in 0.00 ms.
Mono: successfully reloaded assembly
- Completed reload, in  1.405 seconds
Platform modules already initialized, skipping
Shader 'Universal Render Pipeline/Particles/Lit': fallback shader 'Universal Render Pipeline/Particles/SimpleLit' not found
Refreshing native plugins compatible for Editor in 1.24 ms, found 2 plugins.
Preloading 0 native plugins for Editor in 0.00 ms.
Unloading 4447 Unused Serialized files (Serialized files now loaded: 0)
System memory in use before: 205.9 MB.
System memory in use after: 206.1 MB.

Unloading 17 unused Assets to reduce memory usage. Loaded Objects now: 5222.
Total: 5.226000 ms (FindLiveObjects: 1.235300 ms CreateObjectMapping: 1.078200 ms MarkObjects: 2.766600 ms  DeleteObjects: 0.144400 ms)

AssetImportParameters requested are different than current active one (requested -> active):
  custom:framework-win-MediaFoundation: 216162199b28c13a410421893ffa2e32 -> 
  custom:video-decoder-ogg-theora: a1e56fd34408186e4bbccfd4996cb3dc -> 
  custom:container-muxer-webm: aa71ff27fc2769a1b78a27578f13a17b -> 
  custom:container-demuxer-webm: 4f35f7cbe854078d1ac9338744f61a02 -> 
  custom:container-demuxer-ogg: 62fdf1f143b41e24485cea50d1cbac27 -> 
  custom:video-encoder-webm-vp8: eb34c28f22e8b96e1ab97ce403110664 -> 
  custom:video-decoder-webm-vp8: 9c59270c3fd7afecdb556c50c9e8de78 -> 
  custom:audio-decoder-ogg-vorbis: bf7c407c2cedff20999df2af8eb42d56 -> 
  custom:audio-encoder-webm-vorbis: bf7c407c2cedff20999df2af8eb42d56 -> 
========================================================================
Received Prepare
Registering precompiled user dll's ...
Registered in 0.004537 seconds.
Begin MonoManager ReloadAssembly
Native extension for WindowsStandalone target not found
Refreshing native plugins compatible for Editor in 0.73 ms, found 2 plugins.
Preloading 0 native plugins for Editor in 0.00 ms.
Mono: successfully reloaded assembly
- Completed reload, in  1.137 seconds
Platform modules already initialized, skipping
Shader 'Universal Render Pipeline/Particles/Lit': fallback shader 'Universal Render Pipeline/Particles/SimpleLit' not found
Refreshing native plugins compatible for Editor in 0.91 ms, found 2 plugins.
Preloading 0 native plugins for Editor in 0.00 ms.
Unloading 4447 Unused Serialized files (Serialized files now loaded: 0)
System memory in use before: 205.8 MB.
System memory in use after: 206.0 MB.

Unloading 17 unused Assets to reduce memory usage. Loaded Objects now: 5225.
Total: 5.483200 ms (FindLiveObjects: 0.541100 ms CreateObjectMapping: 0.565600 ms MarkObjects: 4.209900 ms  DeleteObjects: 0.164500 ms)

AssetImportParameters requested are different than current active one (requested -> active):
  custom:framework-win-MediaFoundation: 216162199b28c13a410421893ffa2e32 -> 
  custom:video-decoder-ogg-theora: a1e56fd34408186e4bbccfd4996cb3dc -> 
  custom:container-muxer-webm: aa71ff27fc2769a1b78a27578f13a17b -> 
  custom:container-demuxer-webm: 4f35f7cbe854078d1ac9338744f61a02 -> 
  custom:container-demuxer-ogg: 62fdf1f143b41e24485cea50d1cbac27 -> 
  custom:video-encoder-webm-vp8: eb34c28f22e8b96e1ab97ce403110664 -> 
  custom:video-decoder-webm-vp8: 9c59270c3fd7afecdb556c50c9e8de78 -> 
  custom:audio-decoder-ogg-vorbis: bf7c407c2cedff20999df2af8eb42d56 -> 
  custom:audio-encoder-webm-vorbis: bf7c407c2cedff20999df2af8eb42d56 -> 
========================================================================
Received Prepare
Registering precompiled user dll's ...
Registered in 0.004163 seconds.
Begin MonoManager ReloadAssembly
Native extension for WindowsStandalone target not found
Refreshing native plugins compatible for Editor in 1.03 ms, found 2 plugins.
Preloading 0 native plugins for Editor in 0.00 ms.
Mono: successfully reloaded assembly
- Completed reload, in  1.169 seconds
Platform modules already initialized, skipping
Shader 'Universal Render Pipeline/Particles/Lit': fallback shader 'Universal Render Pipeline/Particles/SimpleLit' not found
Refreshing native plugins compatible for Editor in 1.03 ms, found 2 plugins.
Preloading 0 native plugins for Editor in 0.00 ms.
Unloading 4447 Unused Serialized files (Serialized files now loaded: 0)
System memory in use before: 206.0 MB.
System memory in use after: 206.2 MB.

Unloading 17 unused Assets to reduce memory usage. Loaded Objects now: 5228.
Total: 3.184600 ms (FindLiveObjects: 0.391700 ms CreateObjectMapping: 0.198700 ms MarkObjects: 2.450900 ms  DeleteObjects: 0.142100 ms)

AssetImportParameters requested are different than current active one (requested -> active):
  custom:framework-win-MediaFoundation: 216162199b28c13a410421893ffa2e32 -> 
  custom:video-decoder-ogg-theora: a1e56fd34408186e4bbccfd4996cb3dc -> 
  custom:container-muxer-webm: aa71ff27fc2769a1b78a27578f13a17b -> 
  custom:container-demuxer-webm: 4f35f7cbe854078d1ac9338744f61a02 -> 
  custom:container-demuxer-ogg: 62fdf1f143b41e24485cea50d1cbac27 -> 
  custom:video-encoder-webm-vp8: eb34c28f22e8b96e1ab97ce403110664 -> 
  custom:video-decoder-webm-vp8: 9c59270c3fd7afecdb556c50c9e8de78 -> 
  custom:audio-decoder-ogg-vorbis: bf7c407c2cedff20999df2af8eb42d56 -> 
  custom:audio-encoder-webm-vorbis: bf7c407c2cedff20999df2af8eb42d56 -> 
========================================================================
Received Prepare
Registering precompiled user dll's ...
Registered in 0.004542 seconds.
Begin MonoManager ReloadAssembly
Native extension for WindowsStandalone target not found
Refreshing native plugins compatible for Editor in 0.81 ms, found 2 plugins.
Preloading 0 native plugins for Editor in 0.00 ms.
Mono: successfully reloaded assembly
- Completed reload, in  1.213 seconds
Platform modules already initialized, skipping
Shader 'Universal Render Pipeline/Particles/Lit': fallback shader 'Universal Render Pipeline/Particles/SimpleLit' not found
Refreshing native plugins compatible for Editor in 1.02 ms, found 2 plugins.
Preloading 0 native plugins for Editor in 0.00 ms.
Unloading 4447 Unused Serialized files (Serialized files now loaded: 0)
System memory in use before: 206.0 MB.
System memory in use after: 206.2 MB.

Unloading 17 unused Assets to reduce memory usage. Loaded Objects now: 5231.
Total: 10.123800 ms (FindLiveObjects: 0.672300 ms CreateObjectMapping: 3.999500 ms MarkObjects: 5.249000 ms  DeleteObjects: 0.201300 ms)

AssetImportParameters requested are different than current active one (requested -> active):
  custom:framework-win-MediaFoundation: 216162199b28c13a410421893ffa2e32 -> 
  custom:video-decoder-ogg-theora: a1e56fd34408186e4bbccfd4996cb3dc -> 
  custom:container-muxer-webm: aa71ff27fc2769a1b78a27578f13a17b -> 
  custom:container-demuxer-webm: 4f35f7cbe854078d1ac9338744f61a02 -> 
  custom:container-demuxer-ogg: 62fdf1f143b41e24485cea50d1cbac27 -> 
  custom:video-encoder-webm-vp8: eb34c28f22e8b96e1ab97ce403110664 -> 
  custom:video-decoder-webm-vp8: 9c59270c3fd7afecdb556c50c9e8de78 -> 
  custom:audio-decoder-ogg-vorbis: bf7c407c2cedff20999df2af8eb42d56 -> 
  custom:audio-encoder-webm-vorbis: bf7c407c2cedff20999df2af8eb42d56 -> 
========================================================================
Received Prepare
Registering precompiled user dll's ...
Registered in 0.004366 seconds.
Begin MonoManager ReloadAssembly
Native extension for WindowsStandalone target not found
Refreshing native plugins compatible for Editor in 0.71 ms, found 2 plugins.
Preloading 0 native plugins for Editor in 0.00 ms.
Mono: successfully reloaded assembly
- Completed reload, in  1.186 seconds
Platform modules already initialized, skipping
Shader 'Universal Render Pipeline/Particles/Lit': fallback shader 'Universal Render Pipeline/Particles/SimpleLit' not found
Refreshing native plugins compatible for Editor in 0.76 ms, found 2 plugins.
Preloading 0 native plugins for Editor in 0.00 ms.
Unloading 4447 Unused Serialized files (Serialized files now loaded: 0)
System memory in use before: 206.0 MB.
System memory in use after: 206.2 MB.

Unloading 17 unused Assets to reduce memory usage. Loaded Objects now: 5234.
Total: 3.481800 ms (FindLiveObjects: 0.389200 ms CreateObjectMapping: 0.217800 ms MarkObjects: 2.730800 ms  DeleteObjects: 0.142800 ms)

AssetImportParameters requested are different than current active one (requested -> active):
  custom:framework-win-MediaFoundation: 216162199b28c13a410421893ffa2e32 -> 
  custom:video-decoder-ogg-theora: a1e56fd34408186e4bbccfd4996cb3dc -> 
  custom:container-muxer-webm: aa71ff27fc2769a1b78a27578f13a17b -> 
  custom:container-demuxer-webm: 4f35f7cbe854078d1ac9338744f61a02 -> 
  custom:container-demuxer-ogg: 62fdf1f143b41e24485cea50d1cbac27 -> 
  custom:video-encoder-webm-vp8: eb34c28f22e8b96e1ab97ce403110664 -> 
  custom:video-decoder-webm-vp8: 9c59270c3fd7afecdb556c50c9e8de78 -> 
  custom:audio-decoder-ogg-vorbis: bf7c407c2cedff20999df2af8eb42d56 -> 
  custom:audio-encoder-webm-vorbis: bf7c407c2cedff20999df2af8eb42d56 -> 
========================================================================
Received Prepare
Registering precompiled user dll's ...
Registered in 0.006111 seconds.
Begin MonoManager ReloadAssembly
Native extension for WindowsStandalone target not found
Refreshing native plugins compatible for Editor in 1.30 ms, found 2 plugins.
Preloading 0 native plugins for Editor in 0.00 ms.
Mono: successfully reloaded assembly
- Completed reload, in  1.539 seconds
Platform modules already initialized, skipping
Shader 'Universal Render Pipeline/Particles/Lit': fallback shader 'Universal Render Pipeline/Particles/SimpleLit' not found
Refreshing native plugins compatible for Editor in 1.49 ms, found 2 plugins.
Preloading 0 native plugins for Editor in 0.00 ms.
Unloading 4447 Unused Serialized files (Serialized files now loaded: 0)
System memory in use before: 206.0 MB.
System memory in use after: 206.2 MB.

Unloading 17 unused Assets to reduce memory usage. Loaded Objects now: 5237.
Total: 5.785800 ms (FindLiveObjects: 0.494200 ms CreateObjectMapping: 0.325700 ms MarkObjects: 4.112800 ms  DeleteObjects: 0.851400 ms)

AssetImportParameters requested are different than current active one (requested -> active):
  custom:framework-win-MediaFoundation: 216162199b28c13a410421893ffa2e32 -> 
  custom:video-decoder-ogg-theora: a1e56fd34408186e4bbccfd4996cb3dc -> 
  custom:container-muxer-webm: aa71ff27fc2769a1b78a27578f13a17b -> 
  custom:container-demuxer-webm: 4f35f7cbe854078d1ac9338744f61a02 -> 
  custom:container-demuxer-ogg: 62fdf1f143b41e24485cea50d1cbac27 -> 
  custom:video-encoder-webm-vp8: eb34c28f22e8b96e1ab97ce403110664 -> 
  custom:video-decoder-webm-vp8: 9c59270c3fd7afecdb556c50c9e8de78 -> 
  custom:audio-decoder-ogg-vorbis: bf7c407c2cedff20999df2af8eb42d56 -> 
  custom:audio-encoder-webm-vorbis: bf7c407c2cedff20999df2af8eb42d56 -> 
========================================================================
Received Prepare
Registering precompiled user dll's ...
Registered in 0.004294 seconds.
Begin MonoManager ReloadAssembly
Native extension for WindowsStandalone target not found
Refreshing native plugins compatible for Editor in 0.72 ms, found 2 plugins.
Preloading 0 native plugins for Editor in 0.00 ms.
Mono: successfully reloaded assembly
- Completed reload, in  1.178 seconds
Platform modules already initialized, skipping
Shader 'Universal Render Pipeline/Particles/Lit': fallback shader 'Universal Render Pipeline/Particles/SimpleLit' not found
Refreshing native plugins compatible for Editor in 0.85 ms, found 2 plugins.
Preloading 0 native plugins for Editor in 0.00 ms.
Unloading 4447 Unused Serialized files (Serialized files now loaded: 0)
System memory in use before: 205.8 MB.
System memory in use after: 206.0 MB.

Unloading 17 unused Assets to reduce memory usage. Loaded Objects now: 5240.
Total: 3.159400 ms (FindLiveObjects: 0.493600 ms CreateObjectMapping: 0.253100 ms MarkObjects: 2.264700 ms  DeleteObjects: 0.146700 ms)

AssetImportParameters requested are different than current active one (requested -> active):
  custom:framework-win-MediaFoundation: 216162199b28c13a410421893ffa2e32 -> 
  custom:video-decoder-ogg-theora: a1e56fd34408186e4bbccfd4996cb3dc -> 
  custom:container-muxer-webm: aa71ff27fc2769a1b78a27578f13a17b -> 
  custom:container-demuxer-webm: 4f35f7cbe854078d1ac9338744f61a02 -> 
  custom:container-demuxer-ogg: 62fdf1f143b41e24485cea50d1cbac27 -> 
  custom:video-encoder-webm-vp8: eb34c28f22e8b96e1ab97ce403110664 -> 
  custom:video-decoder-webm-vp8: 9c59270c3fd7afecdb556c50c9e8de78 -> 
  custom:audio-decoder-ogg-vorbis: bf7c407c2cedff20999df2af8eb42d56 -> 
  custom:audio-encoder-webm-vorbis: bf7c407c2cedff20999df2af8eb42d56 -> 
========================================================================
Received Prepare
Registering precompiled user dll's ...
Registered in 0.004487 seconds.
Begin MonoManager ReloadAssembly
Native extension for WindowsStandalone target not found
Refreshing native plugins compatible for Editor in 0.80 ms, found 2 plugins.
Preloading 0 native plugins for Editor in 0.00 ms.
Mono: successfully reloaded assembly
- Completed reload, in  1.330 seconds
Platform modules already initialized, skipping
Shader 'Universal Render Pipeline/Particles/Lit': fallback shader 'Universal Render Pipeline/Particles/SimpleLit' not found
Refreshing native plugins compatible for Editor in 0.79 ms, found 2 plugins.
Preloading 0 native plugins for Editor in 0.00 ms.
Unloading 4447 Unused Serialized files (Serialized files now loaded: 0)
System memory in use before: 206.0 MB.
System memory in use after: 206.2 MB.

Unloading 17 unused Assets to reduce memory usage. Loaded Objects now: 5243.
Total: 6.111600 ms (FindLiveObjects: 0.612700 ms CreateObjectMapping: 0.357600 ms MarkObjects: 4.836200 ms  DeleteObjects: 0.303500 ms)

AssetImportParameters requested are different than current active one (requested -> active):
  custom:framework-win-MediaFoundation: 216162199b28c13a410421893ffa2e32 -> 
  custom:video-decoder-ogg-theora: a1e56fd34408186e4bbccfd4996cb3dc -> 
  custom:container-muxer-webm: aa71ff27fc2769a1b78a27578f13a17b -> 
  custom:container-demuxer-webm: 4f35f7cbe854078d1ac9338744f61a02 -> 
  custom:container-demuxer-ogg: 62fdf1f143b41e24485cea50d1cbac27 -> 
  custom:video-encoder-webm-vp8: eb34c28f22e8b96e1ab97ce403110664 -> 
  custom:video-decoder-webm-vp8: 9c59270c3fd7afecdb556c50c9e8de78 -> 
  custom:audio-decoder-ogg-vorbis: bf7c407c2cedff20999df2af8eb42d56 -> 
  custom:audio-encoder-webm-vorbis: bf7c407c2cedff20999df2af8eb42d56 -> 
AssetImportWorkerClient::OnTransportError - code=2 error=End of file
